-------------------------------------------------------------------------------
Test set: com.analisis.Analisis.Backend.ApplicationTests
-------------------------------------------------------------------------------
Tests run: 1, Failures: 0, Errors: 1, Skipped: 0, Time elapsed: 4.692 s <<< FAILURE! - in com.analisis.Analisis.Backend.ApplicationTests
contextLoads(com.analisis.Analisis.Backend.ApplicationTests)  Time elapsed: 0.008 s  <<< ERROR!
java.lang.IllegalStateException: Failed to load ApplicationContext
Caused by: org.springframework.beans.factory.BeanCreationException: Error creating bean with name 'entityManagerFactory' defined in class path resource [org/springframework/boot/autoconfigure/orm/jpa/HibernateJpaConfiguration.class]: Invocation of init method failed; nested exception is javax.persistence.PersistenceException: [PersistenceUnit: default] Unable to build Hibernate SessionFactory
Caused by: javax.persistence.PersistenceException: [PersistenceUnit: default] Unable to build Hibernate SessionFactory
Caused by: org.hibernate.cfg.beanvalidation.IntegrationException: Error activating Bean Validation integration
Caused by: java.lang.annotation.AnnotationFormatError: Duplicate annotation for class: interface javax.validation.constraints.NotNull: @javax.validation.constraints.NotNull(message={javax.validation.constraints.NotNull.message}, payload=[], groups=[])

