<?xml version="1.0" encoding="UTF-8"?>
<testsuite xmlns:xsi="http://www.w3.org/2001/XMLSchema-instance" xsi:noNamespaceSchemaLocation="https://maven.apache.org/surefire/maven-surefire-plugin/xsd/surefire-test-report.xsd" name="com.analisis.Analisis.Backend.ApplicationTests" time="4.692" tests="1" errors="1" skipped="0" failures="0">
  <properties>
[...]
</properties>
  <testcase name="contextLoads" classname="com.analisis.Analisis.Backend.ApplicationTests" time="0.008">
    <error message="Failed to load ApplicationContext" type="java.lang.IllegalStateException">java.lang.IllegalStateException: Failed to load ApplicationContext
Caused by: org.springframework.beans.factory.BeanCreationException: Error creating bean with name 'entityManagerFactory' defined in class path resource [org/springframework/boot/autoconfigure/orm/jpa/HibernateJpaConfiguration.class]: Invocation of init method failed; nested exception is javax.persistence.PersistenceException: [PersistenceUnit: default] Unable to build Hibernate SessionFactory
Caused by: javax.persistence.PersistenceException: [PersistenceUnit: default] Unable to build Hibernate SessionFactory
Caused by: org.hibernate.cfg.beanvalidation.IntegrationException: Error activating Bean Validation integration
Caused by: java.lang.annotation.AnnotationFormatError: Duplicate annotation for class: interface javax.validation.constraints.NotNull: @javax.validation.constraints.NotNull(message={javax.validation.constraints.NotNull.message}, payload=[], groups=[])
</error>
    <system-out><![CDATA[23:29:38.957 [main] DEBUG org.springframework.test.context.junit4.SpringJUnit4ClassRunner - SpringJUnit4ClassRunner constructor called with [class com.analisis.Analisis.Backend.ApplicationTests]
23:29:38.962 [main] DEBUG org.springframework.test.context.BootstrapUtils - Instantiating CacheAwareContextLoaderDelegate from class [org.springframework.test.context.cache.DefaultCacheAwareContextLoaderDelegate]
23:29:38.971 [main] DEBUG org.springframework.test.context.BootstrapUtils - Instantiating BootstrapContext using constructor [public org.springframework.test.context.support.DefaultBootstrapContext(java.lang.Class,org.springframework.test.context.CacheAwareContextLoaderDelegate)]
23:29:38.990 [main] DEBUG org.springframework.test.context.BootstrapUtils - Instantiating TestContextBootstrapper for test class [com.analisis.Analisis.Backend.ApplicationTests] from class [org.springframework.boot.test.context.SpringBootTestContextBootstrapper]
23:29:39.003 [main] INFO org.springframework.boot.test.context.SpringBootTestContextBootstrapper - Neither @ContextConfiguration nor @ContextHierarchy found for test class [com.analisis.Analisis.Backend.ApplicationTests], using SpringBootContextLoader
23:29:39.008 [main] DEBUG org.springframework.test.context.support.AbstractContextLoader - Did not detect default resource location for test class [com.analisis.Analisis.Backend.ApplicationTests]: class path resource [com/analisis/Analisis/Backend/ApplicationTests-context.xml] does not exist
23:29:39.008 [main] DEBUG org.springframework.test.context.support.AbstractContextLoader - Did not detect default resource location for test class [com.analisis.Analisis.Backend.ApplicationTests]: class path resource [com/analisis/Analisis/Backend/ApplicationTestsContext.groovy] does not exist
23:29:39.008 [main] INFO org.springframework.test.context.support.AbstractContextLoader - Could not detect default resource locations for test class [com.analisis.Analisis.Backend.ApplicationTests]: no resource found for suffixes {-context.xml, Context.groovy}.
23:29:39.009 [main] INFO org.springframework.test.context.support.AnnotationConfigContextLoaderUtils - Could not detect default configuration classes for test class [com.analisis.Analisis.Backend.ApplicationTests]: ApplicationTests does not declare any static, non-private, non-final, nested classes annotated with @Configuration.
23:29:39.060 [main] DEBUG org.springframework.test.context.support.ActiveProfilesUtils - Could not find an 'annotation declaring class' for annotation type [org.springframework.test.context.ActiveProfiles] and class [com.analisis.Analisis.Backend.ApplicationTests]
23:29:39.070 [main] DEBUG org.springframework.core.env.StandardEnvironment - Adding PropertySource 'systemProperties' with lowest search precedence
23:29:39.071 [main] DEBUG org.springframework.core.env.StandardEnvironment - Adding PropertySource 'systemEnvironment' with lowest search precedence
23:29:39.072 [main] DEBUG org.springframework.core.env.StandardEnvironment - Initialized StandardEnvironment with PropertySources [MapPropertySource@1453128758 {name='systemProperties', properties={java.runtime.name=Java(TM) SE Runtime Environment, sun.boot.library.path=/usr/lib/jvm/java-8-oracle/jre/lib/amd64, java.vm.version=25.144-b01, java.vm.vendor=Oracle Corporation, java.vendor.url=http://java.oracle.com/, path.separator=:, java.vm.name=Java HotSpot(TM) 64-Bit Server VM, file.encoding.pkg=sun.io, user.country=GT, sun.java.launcher=SUN_STANDARD, sun.os.patch.level=unknown, java.vm.specification.name=Java Virtual Machine Specification, user.dir=/home/jhoan/NetBeansProjects/Base.Backend, java.runtime.version=1.8.0_144-b01, basedir=/home/jhoan/NetBeansProjects/Base.Backend, java.awt.graphicsenv=sun.awt.X11GraphicsEnvironment, java.endorsed.dirs=/usr/lib/jvm/java-8-oracle/jre/lib/endorsed, os.arch=amd64, surefire.real.class.path=/home/jhoan/NetBeansProjects/Base.Backend/target/surefire/surefirebooter7740209347260222719.jar, java.io.tmpdir=/tmp, line.separator=
, java.vm.specification.vendor=Oracle Corporation, os.name=Linux, maven.ext.class.path=/usr/local/netbeans-8.0.1/java/maven-nblib/netbeans-eventspy.jar, sun.jnu.encoding=UTF-8, java.library.path=/usr/lib/jvm/java-8-oracle/jre/lib/amd64:/usr/lib/jvm/java-8-oracle/jre/lib/i386::/usr/java/packages/lib/amd64:/usr/lib64:/lib64:/lib:/usr/lib, surefire.test.class.path=/home/jhoan/NetBeansProjects/Base.Backend/target/test-classes:/home/jhoan/NetBeansProjects/Base.Backend/target/classes:/home/jhoan/.m2/repository/org/json/json/20171018/json-20171018.jar:/home/jhoan/.m2/repository/com/oracle/ojdbc6/11.2.0.3/ojdbc6-11.2.0.3.jar:/home/jhoan/.m2/repository/org/springframework/boot/spring-boot-starter-data-jpa/2.0.0.BUILD-SNAPSHOT/spring-boot-starter-data-jpa-2.0.0.BUILD-SNAPSHOT.jar:/home/jhoan/.m2/repository/org/springframework/boot/spring-boot-starter/2.0.0.BUILD-SNAPSHOT/spring-boot-starter-2.0.0.BUILD-SNAPSHOT.jar:/home/jhoan/.m2/repository/org/springframework/boot/spring-boot/2.0.0.BUILD-SNAPSHOT/spring-boot-2.0.0.BUILD-SNAPSHOT.jar:/home/jhoan/.m2/repository/org/springframework/boot/spring-boot-autoconfigure/2.0.0.BUILD-SNAPSHOT/spring-boot-autoconfigure-2.0.0.BUILD-SNAPSHOT.jar:/home/jhoan/.m2/repository/org/springframework/boot/spring-boot-starter-logging/2.0.0.BUILD-SNAPSHOT/spring-boot-starter-logging-2.0.0.BUILD-SNAPSHOT.jar:/home/jhoan/.m2/repository/ch/qos/logback/logback-classic/1.2.3/logback-classic-1.2.3.jar:/home/jhoan/.m2/repository/ch/qos/logback/logback-core/1.2.3/logback-core-1.2.3.jar:/home/jhoan/.m2/repository/org/slf4j/jul-to-slf4j/1.7.25/jul-to-slf4j-1.7.25.jar:/home/jhoan/.m2/repository/org/slf4j/log4j-over-slf4j/1.7.25/log4j-over-slf4j-1.7.25.jar:/home/jhoan/.m2/repository/javax/annotation/javax.annotation-api/1.3.1/javax.annotation-api-1.3.1.jar:/home/jhoan/.m2/repository/org/yaml/snakeyaml/1.19/snakeyaml-1.19.jar:/home/jhoan/.m2/repository/org/springframework/boot/spring-boot-starter-aop/2.0.0.BUILD-SNAPSHOT/spring-boot-starter-aop-2.0.0.BUILD-SNAPSHOT.jar:/home/jhoan/.m2/repository/org/springframework/spring-aop/5.0.1.RELEASE/spring-aop-5.0.1.RELEASE.jar:/home/jhoan/.m2/repository/org/aspectj/aspectjweaver/1.8.12/aspectjweaver-1.8.12.jar:/home/jhoan/.m2/repository/org/hibernate/hibernate-core/5.2.12.Final/hibernate-core-5.2.12.Final.jar:/home/jhoan/.m2/repository/org/jboss/logging/jboss-logging/3.3.1.Final/jboss-logging-3.3.1.Final.jar:/home/jhoan/.m2/repository/org/hibernate/javax/persistence/hibernate-jpa-2.1-api/1.0.0.Final/hibernate-jpa-2.1-api-1.0.0.Final.jar:/home/jhoan/.m2/repository/org/javassist/javassist/3.22.0-CR2/javassist-3.22.0-CR2.jar:/home/jhoan/.m2/repository/antlr/antlr/2.7.7/antlr-2.7.7.jar:/home/jhoan/.m2/repository/org/jboss/jandex/2.0.3.Final/jandex-2.0.3.Final.jar:/home/jhoan/.m2/repository/com/fasterxml/classmate/1.3.4/classmate-1.3.4.jar:/home/jhoan/.m2/repository/dom4j/dom4j/1.6.1/dom4j-1.6.1.jar:/home/jhoan/.m2/repository/org/hibernate/common/hibernate-commons-annotations/5.0.1.Final/hibernate-commons-annotations-5.0.1.Final.jar:/home/jhoan/.m2/repository/javax/transaction/javax.transaction-api/1.2/javax.transaction-api-1.2.jar:/home/jhoan/.m2/repository/org/springframework/data/spring-data-jpa/2.0.1.RELEASE/spring-data-jpa-2.0.1.RELEASE.jar:/home/jhoan/.m2/repository/org/springframework/data/spring-data-commons/2.0.1.RELEASE/spring-data-commons-2.0.1.RELEASE.jar:/home/jhoan/.m2/repository/org/springframework/spring-orm/5.0.1.RELEASE/spring-orm-5.0.1.RELEASE.jar:/home/jhoan/.m2/repository/org/springframework/spring-context/5.0.1.RELEASE/spring-context-5.0.1.RELEASE.jar:/home/jhoan/.m2/repository/org/springframework/spring-tx/5.0.1.RELEASE/spring-tx-5.0.1.RELEASE.jar:/home/jhoan/.m2/repository/org/springframework/spring-beans/5.0.1.RELEASE/spring-beans-5.0.1.RELEASE.jar:/home/jhoan/.m2/repository/org/slf4j/slf4j-api/1.7.25/slf4j-api-1.7.25.jar:/home/jhoan/.m2/repository/org/springframework/spring-aspects/5.0.1.RELEASE/spring-aspects-5.0.1.RELEASE.jar:/home/jhoan/.m2/repository/org/springframework/boot/spring-boot-starter-jdbc/2.0.0.BUILD-SNAPSHOT/spring-boot-starter-jdbc-2.0.0.BUILD-SNAPSHOT.jar:/home/jhoan/.m2/repository/com/zaxxer/HikariCP/2.7.2/HikariCP-2.7.2.jar:/home/jhoan/.m2/repository/org/springframework/spring-jdbc/5.0.1.RELEASE/spring-jdbc-5.0.1.RELEASE.jar:/home/jhoan/.m2/repository/org/springframework/boot/spring-boot-starter-thymeleaf/2.0.0.BUILD-SNAPSHOT/spring-boot-starter-thymeleaf-2.0.0.BUILD-SNAPSHOT.jar:/home/jhoan/.m2/repository/org/thymeleaf/thymeleaf-spring5/3.0.8.RELEASE/thymeleaf-spring5-3.0.8.RELEASE.jar:/home/jhoan/.m2/repository/org/thymeleaf/thymeleaf/3.0.8.RELEASE/thymeleaf-3.0.8.RELEASE.jar:/home/jhoan/.m2/repository/org/attoparser/attoparser/2.0.4.RELEASE/attoparser-2.0.4.RELEASE.jar:/home/jhoan/.m2/repository/org/unbescape/unbescape/1.1.5.RELEASE/unbescape-1.1.5.RELEASE.jar:/home/jhoan/.m2/repository/org/thymeleaf/extras/thymeleaf-extras-java8time/3.0.1.RELEASE/thymeleaf-extras-java8time-3.0.1.RELEASE.jar:/home/jhoan/.m2/repository/org/springframework/boot/spring-boot-starter-web/2.0.0.BUILD-SNAPSHOT/spring-boot-starter-web-2.0.0.BUILD-SNAPSHOT.jar:/home/jhoan/.m2/repository/org/springframework/boot/spring-boot-starter-json/2.0.0.BUILD-SNAPSHOT/spring-boot-starter-json-2.0.0.BUILD-SNAPSHOT.jar:/home/jhoan/.m2/repository/com/fasterxml/jackson/core/jackson-databind/2.9.2/jackson-databind-2.9.2.jar:/home/jhoan/.m2/repository/com/fasterxml/jackson/core/jackson-annotations/2.9.0/jackson-annotations-2.9.0.jar:/home/jhoan/.m2/repository/com/fasterxml/jackson/core/jackson-core/2.9.2/jackson-core-2.9.2.jar:/home/jhoan/.m2/repository/com/fasterxml/jackson/datatype/jackson-datatype-jdk8/2.9.2/jackson-datatype-jdk8-2.9.2.jar:/home/jhoan/.m2/repository/com/fasterxml/jackson/datatype/jackson-datatype-jsr310/2.9.2/jackson-datatype-jsr310-2.9.2.jar:/home/jhoan/.m2/repository/com/fasterxml/jackson/module/jackson-module-parameter-names/2.9.2/jackson-module-parameter-names-2.9.2.jar:/home/jhoan/.m2/repository/com/fasterxml/jackson/module/jackson-module-kotlin/2.9.2/jackson-module-kotlin-2.9.2.jar:/home/jhoan/.m2/repository/org/springframework/boot/spring-boot-starter-tomcat/2.0.0.BUILD-SNAPSHOT/spring-boot-starter-tomcat-2.0.0.BUILD-SNAPSHOT.jar:/home/jhoan/.m2/repository/org/apache/tomcat/embed/tomcat-embed-core/8.5.23/tomcat-embed-core-8.5.23.jar:/home/jhoan/.m2/repository/org/apache/tomcat/tomcat-annotations-api/8.5.23/tomcat-annotations-api-8.5.23.jar:/home/jhoan/.m2/repository/org/apache/tomcat/embed/tomcat-embed-el/8.5.23/tomcat-embed-el-8.5.23.jar:/home/jhoan/.m2/repository/org/apache/tomcat/embed/tomcat-embed-websocket/8.5.23/tomcat-embed-websocket-8.5.23.jar:/home/jhoan/.m2/repository/org/hibernate/validator/hibernate-validator/6.0.4.Final/hibernate-validator-6.0.4.Final.jar:/home/jhoan/.m2/repository/javax/validation/validation-api/2.0.0.Final/validation-api-2.0.0.Final.jar:/home/jhoan/.m2/repository/org/springframework/spring-web/5.0.1.RELEASE/spring-web-5.0.1.RELEASE.jar:/home/jhoan/.m2/repository/org/springframework/spring-webmvc/5.0.1.RELEASE/spring-webmvc-5.0.1.RELEASE.jar:/home/jhoan/.m2/repository/org/springframework/spring-expression/5.0.1.RELEASE/spring-expression-5.0.1.RELEASE.jar:/home/jhoan/.m2/repository/org/springframework/boot/spring-boot-starter-test/2.0.0.BUILD-SNAPSHOT/spring-boot-starter-test-2.0.0.BUILD-SNAPSHOT.jar:/home/jhoan/.m2/repository/org/springframework/boot/spring-boot-test/2.0.0.BUILD-SNAPSHOT/spring-boot-test-2.0.0.BUILD-SNAPSHOT.jar:/home/jhoan/.m2/repository/org/springframework/boot/spring-boot-test-autoconfigure/2.0.0.BUILD-SNAPSHOT/spring-boot-test-autoconfigure-2.0.0.BUILD-SNAPSHOT.jar:/home/jhoan/.m2/repository/com/jayway/jsonpath/json-path/2.4.0/json-path-2.4.0.jar:/home/jhoan/.m2/repository/net/minidev/json-smart/2.3/json-smart-2.3.jar:/home/jhoan/.m2/repository/net/minidev/accessors-smart/1.2/accessors-smart-1.2.jar:/home/jhoan/.m2/repository/org/ow2/asm/asm/5.0.4/asm-5.0.4.jar:/home/jhoan/.m2/repository/junit/junit/4.12/junit-4.12.jar:/home/jhoan/.m2/repository/org/assertj/assertj-core/3.8.0/assertj-core-3.8.0.jar:/home/jhoan/.m2/repository/org/mockito/mockito-core/2.11.0/mockito-core-2.11.0.jar:/home/jhoan/.m2/repository/net/bytebuddy/byte-buddy/1.7.8/byte-buddy-1.7.8.jar:/home/jhoan/.m2/repository/net/bytebuddy/byte-buddy-agent/1.7.8/byte-buddy-agent-1.7.8.jar:/home/jhoan/.m2/repository/org/objenesis/objenesis/2.6/objenesis-2.6.jar:/home/jhoan/.m2/repository/org/hamcrest/hamcrest-core/1.3/hamcrest-core-1.3.jar:/home/jhoan/.m2/repository/org/hamcrest/hamcrest-library/1.3/hamcrest-library-1.3.jar:/home/jhoan/.m2/repository/org/skyscreamer/jsonassert/1.5.0/jsonassert-1.5.0.jar:/home/jhoan/.m2/repository/com/vaadin/external/google/android-json/0.0.20131108.vaadin1/android-json-0.0.20131108.vaadin1.jar:/home/jhoan/.m2/repository/org/springframework/spring-core/5.0.1.RELEASE/spring-core-5.0.1.RELEASE.jar:/home/jhoan/.m2/repository/org/springframework/spring-jcl/5.0.1.RELEASE/spring-jcl-5.0.1.RELEASE.jar:/home/jhoan/.m2/repository/org/springframework/spring-test/5.0.1.RELEASE/spring-test-5.0.1.RELEASE.jar:/home/jhoan/.m2/repository/org/xmlunit/xmlunit-core/2.5.0/xmlunit-core-2.5.0.jar:/home/jhoan/.m2/repository/org/eclipse/persistence/org.eclipse.persistence.dbws/2.5.2/org.eclipse.persistence.dbws-2.5.2.jar:/home/jhoan/.m2/repository/org/eclipse/persistence/org.eclipse.persistence.moxy/2.5.2/org.eclipse.persistence.moxy-2.5.2.jar:/home/jhoan/.m2/repository/org/eclipse/persistence/org.eclipse.persistence.core/2.5.2/org.eclipse.persistence.core-2.5.2.jar:/home/jhoan/.m2/repository/org/eclipse/persistence/org.eclipse.persistence.jpa.jpql/2.5.2/org.eclipse.persistence.jpa.jpql-2.5.2.jar:/home/jhoan/.m2/repository/org/eclipse/persistence/org.eclipse.persistence.antlr/2.5.2/org.eclipse.persistence.antlr-2.5.2.jar:/home/jhoan/.m2/repository/org/eclipse/persistence/org.eclipse.persistence.oracle/2.5.2/org.eclipse.persistence.oracle-2.5.2.jar:/home/jhoan/.m2/repository/org/eclipse/persistence/javax.persistence/2.1.0/javax.persistence-2.1.0.jar:/home/jhoan/.m2/repository/org/eclipse/persistence/org.eclipse.persistence.jpa/2.5.2/org.eclipse.persistence.jpa-2.5.2.jar:/home/jhoan/.m2/repository/org/eclipse/persistence/org.eclipse.persistence.asm/2.5.2/org.eclipse.persistence.asm-2.5.2.jar:/home/jhoan/.m2/repository/org/eclipse/persistence/org.eclipse.persistence.jpa.modelgen.processor/2.5.2/org.eclipse.persistence.jpa.modelgen.processor-2.5.2.jar:/home/jhoan/.m2/repository/unknown/binary/javax.persistence/SNAPSHOT/javax.persistence-SNAPSHOT.jar:, java.specification.name=Java Platform API Specification, java.class.version=52.0, sun.management.compiler=HotSpot 64-Bit Tiered Compilers, os.version=4.4.0-97-generic, user.home=/home/jhoan, user.timezone=America/Guatemala, java.awt.printerjob=sun.print.PSPrinterJob, file.encoding=UTF-8, java.specification.version=1.8, java.class.path=/home/jhoan/NetBeansProjects/Base.Backend/target/test-classes:/home/jhoan/NetBeansProjects/Base.Backend/target/classes:/home/jhoan/.m2/repository/org/json/json/20171018/json-20171018.jar:/home/jhoan/.m2/repository/com/oracle/ojdbc6/11.2.0.3/ojdbc6-11.2.0.3.jar:/home/jhoan/.m2/repository/org/springframework/boot/spring-boot-starter-data-jpa/2.0.0.BUILD-SNAPSHOT/spring-boot-starter-data-jpa-2.0.0.BUILD-SNAPSHOT.jar:/home/jhoan/.m2/repository/org/springframework/boot/spring-boot-starter/2.0.0.BUILD-SNAPSHOT/spring-boot-starter-2.0.0.BUILD-SNAPSHOT.jar:/home/jhoan/.m2/repository/org/springframework/boot/spring-boot/2.0.0.BUILD-SNAPSHOT/spring-boot-2.0.0.BUILD-SNAPSHOT.jar:/home/jhoan/.m2/repository/org/springframework/boot/spring-boot-autoconfigure/2.0.0.BUILD-SNAPSHOT/spring-boot-autoconfigure-2.0.0.BUILD-SNAPSHOT.jar:/home/jhoan/.m2/repository/org/springframework/boot/spring-boot-starter-logging/2.0.0.BUILD-SNAPSHOT/spring-boot-starter-logging-2.0.0.BUILD-SNAPSHOT.jar:/home/jhoan/.m2/repository/ch/qos/logback/logback-classic/1.2.3/logback-classic-1.2.3.jar:/home/jhoan/.m2/repository/ch/qos/logback/logback-core/1.2.3/logback-core-1.2.3.jar:/home/jhoan/.m2/repository/org/slf4j/jul-to-slf4j/1.7.25/jul-to-slf4j-1.7.25.jar:/home/jhoan/.m2/repository/org/slf4j/log4j-over-slf4j/1.7.25/log4j-over-slf4j-1.7.25.jar:/home/jhoan/.m2/repository/javax/annotation/javax.annotation-api/1.3.1/javax.annotation-api-1.3.1.jar:/home/jhoan/.m2/repository/org/yaml/snakeyaml/1.19/snakeyaml-1.19.jar:/home/jhoan/.m2/repository/org/springframework/boot/spring-boot-starter-aop/2.0.0.BUILD-SNAPSHOT/spring-boot-starter-aop-2.0.0.BUILD-SNAPSHOT.jar:/home/jhoan/.m2/repository/org/springframework/spring-aop/5.0.1.RELEASE/spring-aop-5.0.1.RELEASE.jar:/home/jhoan/.m2/repository/org/aspectj/aspectjweaver/1.8.12/aspectjweaver-1.8.12.jar:/home/jhoan/.m2/repository/org/hibernate/hibernate-core/5.2.12.Final/hibernate-core-5.2.12.Final.jar:/home/jhoan/.m2/repository/org/jboss/logging/jboss-logging/3.3.1.Final/jboss-logging-3.3.1.Final.jar:/home/jhoan/.m2/repository/org/hibernate/javax/persistence/hibernate-jpa-2.1-api/1.0.0.Final/hibernate-jpa-2.1-api-1.0.0.Final.jar:/home/jhoan/.m2/repository/org/javassist/javassist/3.22.0-CR2/javassist-3.22.0-CR2.jar:/home/jhoan/.m2/repository/antlr/antlr/2.7.7/antlr-2.7.7.jar:/home/jhoan/.m2/repository/org/jboss/jandex/2.0.3.Final/jandex-2.0.3.Final.jar:/home/jhoan/.m2/repository/com/fasterxml/classmate/1.3.4/classmate-1.3.4.jar:/home/jhoan/.m2/repository/dom4j/dom4j/1.6.1/dom4j-1.6.1.jar:/home/jhoan/.m2/repository/org/hibernate/common/hibernate-commons-annotations/5.0.1.Final/hibernate-commons-annotations-5.0.1.Final.jar:/home/jhoan/.m2/repository/javax/transaction/javax.transaction-api/1.2/javax.transaction-api-1.2.jar:/home/jhoan/.m2/repository/org/springframework/data/spring-data-jpa/2.0.1.RELEASE/spring-data-jpa-2.0.1.RELEASE.jar:/home/jhoan/.m2/repository/org/springframework/data/spring-data-commons/2.0.1.RELEASE/spring-data-commons-2.0.1.RELEASE.jar:/home/jhoan/.m2/repository/org/springframework/spring-orm/5.0.1.RELEASE/spring-orm-5.0.1.RELEASE.jar:/home/jhoan/.m2/repository/org/springframework/spring-context/5.0.1.RELEASE/spring-context-5.0.1.RELEASE.jar:/home/jhoan/.m2/repository/org/springframework/spring-tx/5.0.1.RELEASE/spring-tx-5.0.1.RELEASE.jar:/home/jhoan/.m2/repository/org/springframework/spring-beans/5.0.1.RELEASE/spring-beans-5.0.1.RELEASE.jar:/home/jhoan/.m2/repository/org/slf4j/slf4j-api/1.7.25/slf4j-api-1.7.25.jar:/home/jhoan/.m2/repository/org/springframework/spring-aspects/5.0.1.RELEASE/spring-aspects-5.0.1.RELEASE.jar:/home/jhoan/.m2/repository/org/springframework/boot/spring-boot-starter-jdbc/2.0.0.BUILD-SNAPSHOT/spring-boot-starter-jdbc-2.0.0.BUILD-SNAPSHOT.jar:/home/jhoan/.m2/repository/com/zaxxer/HikariCP/2.7.2/HikariCP-2.7.2.jar:/home/jhoan/.m2/repository/org/springframework/spring-jdbc/5.0.1.RELEASE/spring-jdbc-5.0.1.RELEASE.jar:/home/jhoan/.m2/repository/org/springframework/boot/spring-boot-starter-thymeleaf/2.0.0.BUILD-SNAPSHOT/spring-boot-starter-thymeleaf-2.0.0.BUILD-SNAPSHOT.jar:/home/jhoan/.m2/repository/org/thymeleaf/thymeleaf-spring5/3.0.8.RELEASE/thymeleaf-spring5-3.0.8.RELEASE.jar:/home/jhoan/.m2/repository/org/thymeleaf/thymeleaf/3.0.8.RELEASE/thymeleaf-3.0.8.RELEASE.jar:/home/jhoan/.m2/repository/org/attoparser/attoparser/2.0.4.RELEASE/attoparser-2.0.4.RELEASE.jar:/home/jhoan/.m2/repository/org/unbescape/unbescape/1.1.5.RELEASE/unbescape-1.1.5.RELEASE.jar:/home/jhoan/.m2/repository/org/thymeleaf/extras/thymeleaf-extras-java8time/3.0.1.RELEASE/thymeleaf-extras-java8time-3.0.1.RELEASE.jar:/home/jhoan/.m2/repository/org/springframework/boot/spring-boot-starter-web/2.0.0.BUILD-SNAPSHOT/spring-boot-starter-web-2.0.0.BUILD-SNAPSHOT.jar:/home/jhoan/.m2/repository/org/springframework/boot/spring-boot-starter-json/2.0.0.BUILD-SNAPSHOT/spring-boot-starter-json-2.0.0.BUILD-SNAPSHOT.jar:/home/jhoan/.m2/repository/com/fasterxml/jackson/core/jackson-databind/2.9.2/jackson-databind-2.9.2.jar:/home/jhoan/.m2/repository/com/fasterxml/jackson/core/jackson-annotations/2.9.0/jackson-annotations-2.9.0.jar:/home/jhoan/.m2/repository/com/fasterxml/jackson/core/jackson-core/2.9.2/jackson-core-2.9.2.jar:/home/jhoan/.m2/repository/com/fasterxml/jackson/datatype/jackson-datatype-jdk8/2.9.2/jackson-datatype-jdk8-2.9.2.jar:/home/jhoan/.m2/repository/com/fasterxml/jackson/datatype/jackson-datatype-jsr310/2.9.2/jackson-datatype-jsr310-2.9.2.jar:/home/jhoan/.m2/repository/com/fasterxml/jackson/module/jackson-module-parameter-names/2.9.2/jackson-module-parameter-names-2.9.2.jar:/home/jhoan/.m2/repository/com/fasterxml/jackson/module/jackson-module-kotlin/2.9.2/jackson-module-kotlin-2.9.2.jar:/home/jhoan/.m2/repository/org/springframework/boot/spring-boot-starter-tomcat/2.0.0.BUILD-SNAPSHOT/spring-boot-starter-tomcat-2.0.0.BUILD-SNAPSHOT.jar:/home/jhoan/.m2/repository/org/apache/tomcat/embed/tomcat-embed-core/8.5.23/tomcat-embed-core-8.5.23.jar:/home/jhoan/.m2/repository/org/apache/tomcat/tomcat-annotations-api/8.5.23/tomcat-annotations-api-8.5.23.jar:/home/jhoan/.m2/repository/org/apache/tomcat/embed/tomcat-embed-el/8.5.23/tomcat-embed-el-8.5.23.jar:/home/jhoan/.m2/repository/org/apache/tomcat/embed/tomcat-embed-websocket/8.5.23/tomcat-embed-websocket-8.5.23.jar:/home/jhoan/.m2/repository/org/hibernate/validator/hibernate-validator/6.0.4.Final/hibernate-validator-6.0.4.Final.jar:/home/jhoan/.m2/repository/javax/validation/validation-api/2.0.0.Final/validation-api-2.0.0.Final.jar:/home/jhoan/.m2/repository/org/springframework/spring-web/5.0.1.RELEASE/spring-web-5.0.1.RELEASE.jar:/home/jhoan/.m2/repository/org/springframework/spring-webmvc/5.0.1.RELEASE/spring-webmvc-5.0.1.RELEASE.jar:/home/jhoan/.m2/repository/org/springframework/spring-expression/5.0.1.RELEASE/spring-expression-5.0.1.RELEASE.jar:/home/jhoan/.m2/repository/org/springframework/boot/spring-boot-starter-test/2.0.0.BUILD-SNAPSHOT/spring-boot-starter-test-2.0.0.BUILD-SNAPSHOT.jar:/home/jhoan/.m2/repository/org/springframework/boot/spring-boot-test/2.0.0.BUILD-SNAPSHOT/spring-boot-test-2.0.0.BUILD-SNAPSHOT.jar:/home/jhoan/.m2/repository/org/springframework/boot/spring-boot-test-autoconfigure/2.0.0.BUILD-SNAPSHOT/spring-boot-test-autoconfigure-2.0.0.BUILD-SNAPSHOT.jar:/home/jhoan/.m2/repository/com/jayway/jsonpath/json-path/2.4.0/json-path-2.4.0.jar:/home/jhoan/.m2/repository/net/minidev/json-smart/2.3/json-smart-2.3.jar:/home/jhoan/.m2/repository/net/minidev/accessors-smart/1.2/accessors-smart-1.2.jar:/home/jhoan/.m2/repository/org/ow2/asm/asm/5.0.4/asm-5.0.4.jar:/home/jhoan/.m2/repository/junit/junit/4.12/junit-4.12.jar:/home/jhoan/.m2/repository/org/assertj/assertj-core/3.8.0/assertj-core-3.8.0.jar:/home/jhoan/.m2/repository/org/mockito/mockito-core/2.11.0/mockito-core-2.11.0.jar:/home/jhoan/.m2/repository/net/bytebuddy/byte-buddy/1.7.8/byte-buddy-1.7.8.jar:/home/jhoan/.m2/repository/net/bytebuddy/byte-buddy-agent/1.7.8/byte-buddy-agent-1.7.8.jar:/home/jhoan/.m2/repository/org/objenesis/objenesis/2.6/objenesis-2.6.jar:/home/jhoan/.m2/repository/org/hamcrest/hamcrest-core/1.3/hamcrest-core-1.3.jar:/home/jhoan/.m2/repository/org/hamcrest/hamcrest-library/1.3/hamcrest-library-1.3.jar:/home/jhoan/.m2/repository/org/skyscreamer/jsonassert/1.5.0/jsonassert-1.5.0.jar:/home/jhoan/.m2/repository/com/vaadin/external/google/android-json/0.0.20131108.vaadin1/android-json-0.0.20131108.vaadin1.jar:/home/jhoan/.m2/repository/org/springframework/spring-core/5.0.1.RELEASE/spring-core-5.0.1.RELEASE.jar:/home/jhoan/.m2/repository/org/springframework/spring-jcl/5.0.1.RELEASE/spring-jcl-5.0.1.RELEASE.jar:/home/jhoan/.m2/repository/org/springframework/spring-test/5.0.1.RELEASE/spring-test-5.0.1.RELEASE.jar:/home/jhoan/.m2/repository/org/xmlunit/xmlunit-core/2.5.0/xmlunit-core-2.5.0.jar:/home/jhoan/.m2/repository/org/eclipse/persistence/org.eclipse.persistence.dbws/2.5.2/org.eclipse.persistence.dbws-2.5.2.jar:/home/jhoan/.m2/repository/org/eclipse/persistence/org.eclipse.persistence.moxy/2.5.2/org.eclipse.persistence.moxy-2.5.2.jar:/home/jhoan/.m2/repository/org/eclipse/persistence/org.eclipse.persistence.core/2.5.2/org.eclipse.persistence.core-2.5.2.jar:/home/jhoan/.m2/repository/org/eclipse/persistence/org.eclipse.persistence.jpa.jpql/2.5.2/org.eclipse.persistence.jpa.jpql-2.5.2.jar:/home/jhoan/.m2/repository/org/eclipse/persistence/org.eclipse.persistence.antlr/2.5.2/org.eclipse.persistence.antlr-2.5.2.jar:/home/jhoan/.m2/repository/org/eclipse/persistence/org.eclipse.persistence.oracle/2.5.2/org.eclipse.persistence.oracle-2.5.2.jar:/home/jhoan/.m2/repository/org/eclipse/persistence/javax.persistence/2.1.0/javax.persistence-2.1.0.jar:/home/jhoan/.m2/repository/org/eclipse/persistence/org.eclipse.persistence.jpa/2.5.2/org.eclipse.persistence.jpa-2.5.2.jar:/home/jhoan/.m2/repository/org/eclipse/persistence/org.eclipse.persistence.asm/2.5.2/org.eclipse.persistence.asm-2.5.2.jar:/home/jhoan/.m2/repository/org/eclipse/persistence/org.eclipse.persistence.jpa.modelgen.processor/2.5.2/org.eclipse.persistence.jpa.modelgen.processor-2.5.2.jar:/home/jhoan/.m2/repository/unknown/binary/javax.persistence/SNAPSHOT/javax.persistence-SNAPSHOT.jar:, user.name=jhoan, java.vm.specification.version=1.8, sun.java.command=/home/jhoan/NetBeansProjects/Base.Backend/target/surefire/surefirebooter7740209347260222719.jar /home/jhoan/NetBeansProjects/Base.Backend/target/surefire 2017-11-03T23-29-38_265-jvmRun1 surefire1564231451151424379tmp surefire_08473209769730308129tmp, java.home=/usr/lib/jvm/java-8-oracle/jre, sun.arch.data.model=64, user.language=es, java.specification.vendor=Oracle Corporation, awt.toolkit=sun.awt.X11.XToolkit, java.vm.info=mixed mode, java.version=1.8.0_144, java.ext.dirs=/usr/lib/jvm/java-8-oracle/jre/lib/ext:/usr/java/packages/lib/ext, sun.boot.class.path=/usr/lib/jvm/java-8-oracle/jre/lib/resources.jar:/usr/lib/jvm/java-8-oracle/jre/lib/rt.jar:/usr/lib/jvm/java-8-oracle/jre/lib/sunrsasign.jar:/usr/lib/jvm/java-8-oracle/jre/lib/jsse.jar:/usr/lib/jvm/java-8-oracle/jre/lib/jce.jar:/usr/lib/jvm/java-8-oracle/jre/lib/charsets.jar:/usr/lib/jvm/java-8-oracle/jre/lib/jfr.jar:/usr/lib/jvm/java-8-oracle/jre/classes, java.vendor=Oracle Corporation, localRepository=/home/jhoan/.m2/repository, file.separator=/, java.vendor.url.bug=http://bugreport.sun.com/bugreport/, sun.io.unicode.encoding=UnicodeLittle, sun.cpu.endian=little, sun.desktop=gnome, sun.cpu.isalist=}}, SystemEnvironmentPropertySource@1136497418 {name='systemEnvironment', properties={PATH=/home/jhoan/.local/share/umake/bin:/usr/local/sbin:/usr/local/bin:/usr/sbin:/usr/bin:/sbin:/bin:/usr/games:/usr/local/games:/snap/bin:/usr/lib/jvm/java-8-oracle/bin:/usr/lib/jvm/java-8-oracle/db/bin:/usr/lib/jvm/java-8-oracle/jre/bin, XAUTHORITY=/home/jhoan/.Xauthority, XMODIFIERS=@im=ibus, XDG_DATA_DIRS=/usr/share/ubuntu:/usr/share/gnome:/usr/local/share/:/usr/share/:/var/lib/snapd/desktop, GDMSESSION=ubuntu, MANDATORY_PATH=/usr/share/gconf/ubuntu.mandatory.path, GTK_IM_MODULE=ibus, DBUS_SESSION_BUS_ADDRESS=unix:abstract=/tmp/dbus-tFFsABEpI0, DEFAULTS_PATH=/usr/share/gconf/ubuntu.default.path, XDG_CURRENT_DESKTOP=Unity, NB_EXEC_MAVEN_PROCESS_UUID=8d0a5f69-fcaa-4a02-a1f8-a54e9233afb1, LD_LIBRARY_PATH=/usr/lib/jvm/java-8-oracle/jre/lib/amd64:/usr/lib/jvm/java-8-oracle/jre/lib/i386:, UPSTART_SESSION=unix:abstract=/com/ubuntu/upstart-session/1000/3073, QT4_IM_MODULE=xim, SESSION_MANAGER=local/jhoansamayoa:@/tmp/.ICE-unix/3301,unix/jhoansamayoa:/tmp/.ICE-unix/3301, QT_LINUX_ACCESSIBILITY_ALWAYS_ON=1, LOGNAME=jhoan, JOB=unity-settings-daemon, PWD=/home/jhoan/NetBeansProjects/Base.Backend, DERBY_HOME=/usr/lib/jvm/java-8-oracle/db, IM_CONFIG_PHASE=1, LANGUAGE=es_GT:es, SHELL=/bin/bash, GIO_LAUNCHED_DESKTOP_FILE=/usr/share/applications/netbeans-8.0.1.desktop, GTK2_MODULES=overlay-scrollbar, INSTANCE=, J2SDKDIR=/usr/lib/jvm/java-8-oracle, OLDPWD=/home/jhoan/NetBeansProjects/Base.Backend, GNOME_DESKTOP_SESSION_ID=this-is-deprecated, UPSTART_INSTANCE=, GTK_MODULES=gail:atk-bridge:unity-gtk-module, J2REDIR=/usr/lib/jvm/java-8-oracle/jre, CLUTTER_IM_MODULE=xim, XDG_SESSION_PATH=/org/freedesktop/DisplayManager/Session0, M2_HOME=/usr/local/netbeans-8.0.1/java/maven, COMPIZ_BIN_PATH=/usr/bin/, SESSIONTYPE=gnome-session, XDG_SESSION_DESKTOP=ubuntu, SHLVL=1, J2D_PIXMAPS=shared, COMPIZ_CONFIG_PROFILE=ubuntu, QT_IM_MODULE=ibus, UPSTART_JOB=unity7, JAVA_HOME=/usr/lib/jvm/java-8-oracle, XDG_CONFIG_DIRS=/etc/xdg/xdg-ubuntu:/usr/share/upstart/xdg:/etc/xdg, XFILESEARCHPATH=/usr/dt/app-defaults/%L/Dt, LANG=es_GT.UTF-8, GNOME_KEYRING_CONTROL=, XDG_SEAT_PATH=/org/freedesktop/DisplayManager/Seat0, XDG_SESSION_ID=c4, XDG_SESSION_TYPE=x11, DISPLAY=:0, QT_DEVICE_PIXEL_RATIO=auto, _=/usr/lib/jvm/java-8-oracle/bin/java, PT7HOME=/opt/pt, GDM_LANG=es_ES, XDG_GREETER_DATA_DIR=/var/lib/lightdm-data/jhoan, UPSTART_EVENTS=xsession started, GPG_AGENT_INFO=/home/jhoan/.gnupg/S.gpg-agent:0:1, DESKTOP_SESSION=ubuntu, SESSION=ubuntu, USER=jhoan, XDG_MENU_PREFIX=gnome-, GIO_LAUNCHED_DESKTOP_FILE_PID=12539, QT_ACCESSIBILITY=1, SSH_AUTH_SOCK=/run/user/1000/keyring/ssh, XDG_SEAT=seat0, NLSPATH=/usr/dt/lib/nls/msg/%L/%N.cat, QT_QPA_PLATFORMTHEME=appmenu-qt5, XDG_VTNR=7, XDG_RUNTIME_DIR=/run/user/1000, HOME=/home/jhoan, GNOME_KEYRING_PID=}}]
23:29:39.089 [main] DEBUG org.springframework.core.io.support.PathMatchingResourcePatternResolver - Resolved classpath location [com/analisis/Analisis/Backend/] to resources [URL [file:/home/jhoan/NetBeansProjects/Base.Backend/target/test-classes/com/analisis/Analisis/Backend/], URL [file:/home/jhoan/NetBeansProjects/Base.Backend/target/classes/com/analisis/Analisis/Backend/]]
23:29:39.089 [main] DEBUG org.springframework.core.io.support.PathMatchingResourcePatternResolver - Looking for matching resources in directory tree [/home/jhoan/NetBeansProjects/Base.Backend/target/test-classes/com/analisis/Analisis/Backend]
23:29:39.090 [main] DEBUG org.springframework.core.io.support.PathMatchingResourcePatternResolver - Searching directory [/home/jhoan/NetBeansProjects/Base.Backend/target/test-classes/com/analisis/Analisis/Backend] for files matching pattern [/home/jhoan/NetBeansProjects/Base.Backend/target/test-classes/com/analisis/Analisis/Backend/*.class]
23:29:39.093 [main] DEBUG org.springframework.core.io.support.PathMatchingResourcePatternResolver - Looking for matching resources in directory tree [/home/jhoan/NetBeansProjects/Base.Backend/target/classes/com/analisis/Analisis/Backend]
23:29:39.093 [main] DEBUG org.springframework.core.io.support.PathMatchingResourcePatternResolver - Searching directory [/home/jhoan/NetBeansProjects/Base.Backend/target/classes/com/analisis/Analisis/Backend] for files matching pattern [/home/jhoan/NetBeansProjects/Base.Backend/target/classes/com/analisis/Analisis/Backend/*.class]
23:29:39.093 [main] DEBUG org.springframework.core.io.support.PathMatchingResourcePatternResolver - Resolved location pattern [classpath*:com/analisis/Analisis/Backend/*.class] to resources [file [/home/jhoan/NetBeansProjects/Base.Backend/target/test-classes/com/analisis/Analisis/Backend/ApplicationTests.class], file [/home/jhoan/NetBeansProjects/Base.Backend/target/classes/com/analisis/Analisis/Backend/Application.class]]
23:29:39.161 [main] DEBUG org.springframework.context.annotation.ClassPathScanningCandidateComponentProvider - Identified candidate component class: file [/home/jhoan/NetBeansProjects/Base.Backend/target/classes/com/analisis/Analisis/Backend/Application.class]
23:29:39.163 [main] INFO org.springframework.boot.test.context.SpringBootTestContextBootstrapper - Found @SpringBootConfiguration com.analisis.Analisis.Backend.Application for test class com.analisis.Analisis.Backend.ApplicationTests
23:29:39.312 [main] DEBUG org.springframework.boot.test.context.SpringBootTestContextBootstrapper - @TestExecutionListeners is not present for class [com.analisis.Analisis.Backend.ApplicationTests]: using defaults.
23:29:39.312 [main] INFO org.springframework.boot.test.context.SpringBootTestContextBootstrapper - Loaded default TestExecutionListener class names from location [META-INF/spring.factories]: [org.springframework.boot.test.mock.mockito.MockitoTestExecutionListener, org.springframework.boot.test.mock.mockito.ResetMocksTestExecutionListener, org.springframework.boot.test.autoconfigure.restdocs.RestDocsTestExecutionListener, org.springframework.boot.test.autoconfigure.web.client.MockRestServiceServerResetTestExecutionListener, org.springframework.boot.test.autoconfigure.web.servlet.MockMvcPrintOnlyOnFailureTestExecutionListener, org.springframework.boot.test.autoconfigure.web.servlet.WebDriverTestExecutionListener, org.springframework.test.context.web.ServletTestExecutionListener, org.springframework.test.context.support.DirtiesContextBeforeModesTestExecutionListener, org.springframework.test.context.support.DependencyInjectionTestExecutionListener, org.springframework.test.context.support.DirtiesContextTestExecutionListener, org.springframework.test.context.transaction.TransactionalTestExecutionListener, org.springframework.test.context.jdbc.SqlScriptsTestExecutionListener]
23:29:39.332 [main] INFO org.springframework.boot.test.context.SpringBootTestContextBootstrapper - Using TestExecutionListeners: [org.springframework.test.context.web.ServletTestExecutionListener@35cabb2a, org.springframework.test.context.support.DirtiesContextBeforeModesTestExecutionListener@7e07db1f, org.springframework.boot.test.autoconfigure.SpringBootDependencyInjectionTestExecutionListener@1189dd52, org.springframework.test.context.support.DirtiesContextTestExecutionListener@36bc55de, org.springframework.test.context.transaction.TransactionalTestExecutionListener@564fabc8, org.springframework.test.context.jdbc.SqlScriptsTestExecutionListener@16d04d3d, org.springframework.boot.test.mock.mockito.MockitoTestExecutionListener@49ec71f8, org.springframework.boot.test.autoconfigure.restdocs.RestDocsTestExecutionListener@1d2adfbe, org.springframework.boot.test.autoconfigure.web.client.MockRestServiceServerResetTestExecutionListener@36902638, org.springframework.boot.test.autoconfigure.web.servlet.MockMvcPrintOnlyOnFailureTestExecutionListener@223d2c72, org.springframework.boot.test.mock.mockito.ResetMocksTestExecutionListener@8f4ea7c, org.springframework.boot.test.autoconfigure.web.servlet.WebDriverTestExecutionListener@436813f3]
23:29:39.334 [main] DEBUG org.springframework.test.annotation.ProfileValueUtils - Retrieved @ProfileValueSourceConfiguration [null] for test class [com.analisis.Analisis.Backend.ApplicationTests]
23:29:39.335 [main] DEBUG org.springframework.test.annotation.ProfileValueUtils - Retrieved ProfileValueSource type [class org.springframework.test.annotation.SystemProfileValueSource] for class [com.analisis.Analisis.Backend.ApplicationTests]
23:29:39.335 [main] DEBUG org.springframework.test.annotation.ProfileValueUtils - Retrieved @ProfileValueSourceConfiguration [null] for test class [com.analisis.Analisis.Backend.ApplicationTests]
23:29:39.336 [main] DEBUG org.springframework.test.annotation.ProfileValueUtils - Retrieved ProfileValueSource type [class org.springframework.test.annotation.SystemProfileValueSource] for class [com.analisis.Analisis.Backend.ApplicationTests]
23:29:39.337 [main] DEBUG org.springframework.test.annotation.ProfileValueUtils - Retrieved @ProfileValueSourceConfiguration [null] for test class [com.analisis.Analisis.Backend.ApplicationTests]
23:29:39.337 [main] DEBUG org.springframework.test.annotation.ProfileValueUtils - Retrieved ProfileValueSource type [class org.springframework.test.annotation.SystemProfileValueSource] for class [com.analisis.Analisis.Backend.ApplicationTests]
23:29:39.342 [main] DEBUG org.springframework.test.context.support.AbstractDirtiesContextTestExecutionListener - Before test class: context [DefaultTestContext@1bd4fdd testClass = ApplicationTests, testInstance = [null], testMethod = [null], testException = [null], mergedContextConfiguration = [WebMergedContextConfiguration@55183b20 testClass = ApplicationTests, locations = '{}', classes = '{class com.analisis.Analisis.Backend.Application}', contextInitializerClasses = '[]', activeProfiles = '{}', propertySourceLocations = '{}', propertySourceProperties = '{org.springframework.boot.test.context.SpringBootTestContextBootstrapper=true}', contextCustomizers = set[org.springframework.boot.test.context.SpringBootTestContextCustomizer@30a3107a, org.springframework.boot.test.context.filter.ExcludeFilterContextCustomizer@52feb982, org.springframework.boot.test.json.DuplicateJsonObjectContextCustomizerFactory$DuplicateJsonObjectContextCustomizer@17d677df, org.springframework.boot.test.mock.mockito.MockitoContextCustomizer@0, org.springframework.boot.test.autoconfigure.properties.PropertyMappingContextCustomizer@0, org.springframework.boot.test.autoconfigure.web.servlet.WebDriverContextCustomizerFactory$Customizer@e874448], resourceBasePath = 'src/main/webapp', contextLoader = 'org.springframework.boot.test.context.SpringBootContextLoader', parent = [null]], attributes = map['org.springframework.test.context.web.ServletTestExecutionListener.activateListener' -> true]], class annotated with @DirtiesContext [false] with mode [null].
23:29:39.343 [main] DEBUG org.springframework.test.annotation.ProfileValueUtils - Retrieved @ProfileValueSourceConfiguration [null] for test class [com.analisis.Analisis.Backend.ApplicationTests]
23:29:39.343 [main] DEBUG org.springframework.test.annotation.ProfileValueUtils - Retrieved ProfileValueSource type [class org.springframework.test.annotation.SystemProfileValueSource] for class [com.analisis.Analisis.Backend.ApplicationTests]
23:29:39.361 [main] DEBUG org.springframework.core.env.StandardEnvironment - Adding PropertySource 'systemProperties' with lowest search precedence
23:29:39.362 [main] DEBUG org.springframework.core.env.StandardEnvironment - Adding PropertySource 'systemEnvironment' with lowest search precedence
23:29:39.362 [main] DEBUG org.springframework.core.env.StandardEnvironment - Initialized StandardEnvironment with PropertySources [MapPropertySource@543846639 {name='systemProperties', properties={java.runtime.name=Java(TM) SE Runtime Environment, sun.boot.library.path=/usr/lib/jvm/java-8-oracle/jre/lib/amd64, java.vm.version=25.144-b01, java.vm.vendor=Oracle Corporation, java.vendor.url=http://java.oracle.com/, path.separator=:, java.vm.name=Java HotSpot(TM) 64-Bit Server VM, file.encoding.pkg=sun.io, user.country=GT, sun.java.launcher=SUN_STANDARD, sun.os.patch.level=unknown, java.vm.specification.name=Java Virtual Machine Specification, user.dir=/home/jhoan/NetBeansProjects/Base.Backend, java.runtime.version=1.8.0_144-b01, basedir=/home/jhoan/NetBeansProjects/Base.Backend, java.awt.graphicsenv=sun.awt.X11GraphicsEnvironment, java.endorsed.dirs=/usr/lib/jvm/java-8-oracle/jre/lib/endorsed, os.arch=amd64, surefire.real.class.path=/home/jhoan/NetBeansProjects/Base.Backend/target/surefire/surefirebooter7740209347260222719.jar, java.io.tmpdir=/tmp, line.separator=
, java.vm.specification.vendor=Oracle Corporation, os.name=Linux, maven.ext.class.path=/usr/local/netbeans-8.0.1/java/maven-nblib/netbeans-eventspy.jar, sun.jnu.encoding=UTF-8, java.library.path=/usr/lib/jvm/java-8-oracle/jre/lib/amd64:/usr/lib/jvm/java-8-oracle/jre/lib/i386::/usr/java/packages/lib/amd64:/usr/lib64:/lib64:/lib:/usr/lib, surefire.test.class.path=/home/jhoan/NetBeansProjects/Base.Backend/target/test-classes:/home/jhoan/NetBeansProjects/Base.Backend/target/classes:/home/jhoan/.m2/repository/org/json/json/20171018/json-20171018.jar:/home/jhoan/.m2/repository/com/oracle/ojdbc6/11.2.0.3/ojdbc6-11.2.0.3.jar:/home/jhoan/.m2/repository/org/springframework/boot/spring-boot-starter-data-jpa/2.0.0.BUILD-SNAPSHOT/spring-boot-starter-data-jpa-2.0.0.BUILD-SNAPSHOT.jar:/home/jhoan/.m2/repository/org/springframework/boot/spring-boot-starter/2.0.0.BUILD-SNAPSHOT/spring-boot-starter-2.0.0.BUILD-SNAPSHOT.jar:/home/jhoan/.m2/repository/org/springframework/boot/spring-boot/2.0.0.BUILD-SNAPSHOT/spring-boot-2.0.0.BUILD-SNAPSHOT.jar:/home/jhoan/.m2/repository/org/springframework/boot/spring-boot-autoconfigure/2.0.0.BUILD-SNAPSHOT/spring-boot-autoconfigure-2.0.0.BUILD-SNAPSHOT.jar:/home/jhoan/.m2/repository/org/springframework/boot/spring-boot-starter-logging/2.0.0.BUILD-SNAPSHOT/spring-boot-starter-logging-2.0.0.BUILD-SNAPSHOT.jar:/home/jhoan/.m2/repository/ch/qos/logback/logback-classic/1.2.3/logback-classic-1.2.3.jar:/home/jhoan/.m2/repository/ch/qos/logback/logback-core/1.2.3/logback-core-1.2.3.jar:/home/jhoan/.m2/repository/org/slf4j/jul-to-slf4j/1.7.25/jul-to-slf4j-1.7.25.jar:/home/jhoan/.m2/repository/org/slf4j/log4j-over-slf4j/1.7.25/log4j-over-slf4j-1.7.25.jar:/home/jhoan/.m2/repository/javax/annotation/javax.annotation-api/1.3.1/javax.annotation-api-1.3.1.jar:/home/jhoan/.m2/repository/org/yaml/snakeyaml/1.19/snakeyaml-1.19.jar:/home/jhoan/.m2/repository/org/springframework/boot/spring-boot-starter-aop/2.0.0.BUILD-SNAPSHOT/spring-boot-starter-aop-2.0.0.BUILD-SNAPSHOT.jar:/home/jhoan/.m2/repository/org/springframework/spring-aop/5.0.1.RELEASE/spring-aop-5.0.1.RELEASE.jar:/home/jhoan/.m2/repository/org/aspectj/aspectjweaver/1.8.12/aspectjweaver-1.8.12.jar:/home/jhoan/.m2/repository/org/hibernate/hibernate-core/5.2.12.Final/hibernate-core-5.2.12.Final.jar:/home/jhoan/.m2/repository/org/jboss/logging/jboss-logging/3.3.1.Final/jboss-logging-3.3.1.Final.jar:/home/jhoan/.m2/repository/org/hibernate/javax/persistence/hibernate-jpa-2.1-api/1.0.0.Final/hibernate-jpa-2.1-api-1.0.0.Final.jar:/home/jhoan/.m2/repository/org/javassist/javassist/3.22.0-CR2/javassist-3.22.0-CR2.jar:/home/jhoan/.m2/repository/antlr/antlr/2.7.7/antlr-2.7.7.jar:/home/jhoan/.m2/repository/org/jboss/jandex/2.0.3.Final/jandex-2.0.3.Final.jar:/home/jhoan/.m2/repository/com/fasterxml/classmate/1.3.4/classmate-1.3.4.jar:/home/jhoan/.m2/repository/dom4j/dom4j/1.6.1/dom4j-1.6.1.jar:/home/jhoan/.m2/repository/org/hibernate/common/hibernate-commons-annotations/5.0.1.Final/hibernate-commons-annotations-5.0.1.Final.jar:/home/jhoan/.m2/repository/javax/transaction/javax.transaction-api/1.2/javax.transaction-api-1.2.jar:/home/jhoan/.m2/repository/org/springframework/data/spring-data-jpa/2.0.1.RELEASE/spring-data-jpa-2.0.1.RELEASE.jar:/home/jhoan/.m2/repository/org/springframework/data/spring-data-commons/2.0.1.RELEASE/spring-data-commons-2.0.1.RELEASE.jar:/home/jhoan/.m2/repository/org/springframework/spring-orm/5.0.1.RELEASE/spring-orm-5.0.1.RELEASE.jar:/home/jhoan/.m2/repository/org/springframework/spring-context/5.0.1.RELEASE/spring-context-5.0.1.RELEASE.jar:/home/jhoan/.m2/repository/org/springframework/spring-tx/5.0.1.RELEASE/spring-tx-5.0.1.RELEASE.jar:/home/jhoan/.m2/repository/org/springframework/spring-beans/5.0.1.RELEASE/spring-beans-5.0.1.RELEASE.jar:/home/jhoan/.m2/repository/org/slf4j/slf4j-api/1.7.25/slf4j-api-1.7.25.jar:/home/jhoan/.m2/repository/org/springframework/spring-aspects/5.0.1.RELEASE/spring-aspects-5.0.1.RELEASE.jar:/home/jhoan/.m2/repository/org/springframework/boot/spring-boot-starter-jdbc/2.0.0.BUILD-SNAPSHOT/spring-boot-starter-jdbc-2.0.0.BUILD-SNAPSHOT.jar:/home/jhoan/.m2/repository/com/zaxxer/HikariCP/2.7.2/HikariCP-2.7.2.jar:/home/jhoan/.m2/repository/org/springframework/spring-jdbc/5.0.1.RELEASE/spring-jdbc-5.0.1.RELEASE.jar:/home/jhoan/.m2/repository/org/springframework/boot/spring-boot-starter-thymeleaf/2.0.0.BUILD-SNAPSHOT/spring-boot-starter-thymeleaf-2.0.0.BUILD-SNAPSHOT.jar:/home/jhoan/.m2/repository/org/thymeleaf/thymeleaf-spring5/3.0.8.RELEASE/thymeleaf-spring5-3.0.8.RELEASE.jar:/home/jhoan/.m2/repository/org/thymeleaf/thymeleaf/3.0.8.RELEASE/thymeleaf-3.0.8.RELEASE.jar:/home/jhoan/.m2/repository/org/attoparser/attoparser/2.0.4.RELEASE/attoparser-2.0.4.RELEASE.jar:/home/jhoan/.m2/repository/org/unbescape/unbescape/1.1.5.RELEASE/unbescape-1.1.5.RELEASE.jar:/home/jhoan/.m2/repository/org/thymeleaf/extras/thymeleaf-extras-java8time/3.0.1.RELEASE/thymeleaf-extras-java8time-3.0.1.RELEASE.jar:/home/jhoan/.m2/repository/org/springframework/boot/spring-boot-starter-web/2.0.0.BUILD-SNAPSHOT/spring-boot-starter-web-2.0.0.BUILD-SNAPSHOT.jar:/home/jhoan/.m2/repository/org/springframework/boot/spring-boot-starter-json/2.0.0.BUILD-SNAPSHOT/spring-boot-starter-json-2.0.0.BUILD-SNAPSHOT.jar:/home/jhoan/.m2/repository/com/fasterxml/jackson/core/jackson-databind/2.9.2/jackson-databind-2.9.2.jar:/home/jhoan/.m2/repository/com/fasterxml/jackson/core/jackson-annotations/2.9.0/jackson-annotations-2.9.0.jar:/home/jhoan/.m2/repository/com/fasterxml/jackson/core/jackson-core/2.9.2/jackson-core-2.9.2.jar:/home/jhoan/.m2/repository/com/fasterxml/jackson/datatype/jackson-datatype-jdk8/2.9.2/jackson-datatype-jdk8-2.9.2.jar:/home/jhoan/.m2/repository/com/fasterxml/jackson/datatype/jackson-datatype-jsr310/2.9.2/jackson-datatype-jsr310-2.9.2.jar:/home/jhoan/.m2/repository/com/fasterxml/jackson/module/jackson-module-parameter-names/2.9.2/jackson-module-parameter-names-2.9.2.jar:/home/jhoan/.m2/repository/com/fasterxml/jackson/module/jackson-module-kotlin/2.9.2/jackson-module-kotlin-2.9.2.jar:/home/jhoan/.m2/repository/org/springframework/boot/spring-boot-starter-tomcat/2.0.0.BUILD-SNAPSHOT/spring-boot-starter-tomcat-2.0.0.BUILD-SNAPSHOT.jar:/home/jhoan/.m2/repository/org/apache/tomcat/embed/tomcat-embed-core/8.5.23/tomcat-embed-core-8.5.23.jar:/home/jhoan/.m2/repository/org/apache/tomcat/tomcat-annotations-api/8.5.23/tomcat-annotations-api-8.5.23.jar:/home/jhoan/.m2/repository/org/apache/tomcat/embed/tomcat-embed-el/8.5.23/tomcat-embed-el-8.5.23.jar:/home/jhoan/.m2/repository/org/apache/tomcat/embed/tomcat-embed-websocket/8.5.23/tomcat-embed-websocket-8.5.23.jar:/home/jhoan/.m2/repository/org/hibernate/validator/hibernate-validator/6.0.4.Final/hibernate-validator-6.0.4.Final.jar:/home/jhoan/.m2/repository/javax/validation/validation-api/2.0.0.Final/validation-api-2.0.0.Final.jar:/home/jhoan/.m2/repository/org/springframework/spring-web/5.0.1.RELEASE/spring-web-5.0.1.RELEASE.jar:/home/jhoan/.m2/repository/org/springframework/spring-webmvc/5.0.1.RELEASE/spring-webmvc-5.0.1.RELEASE.jar:/home/jhoan/.m2/repository/org/springframework/spring-expression/5.0.1.RELEASE/spring-expression-5.0.1.RELEASE.jar:/home/jhoan/.m2/repository/org/springframework/boot/spring-boot-starter-test/2.0.0.BUILD-SNAPSHOT/spring-boot-starter-test-2.0.0.BUILD-SNAPSHOT.jar:/home/jhoan/.m2/repository/org/springframework/boot/spring-boot-test/2.0.0.BUILD-SNAPSHOT/spring-boot-test-2.0.0.BUILD-SNAPSHOT.jar:/home/jhoan/.m2/repository/org/springframework/boot/spring-boot-test-autoconfigure/2.0.0.BUILD-SNAPSHOT/spring-boot-test-autoconfigure-2.0.0.BUILD-SNAPSHOT.jar:/home/jhoan/.m2/repository/com/jayway/jsonpath/json-path/2.4.0/json-path-2.4.0.jar:/home/jhoan/.m2/repository/net/minidev/json-smart/2.3/json-smart-2.3.jar:/home/jhoan/.m2/repository/net/minidev/accessors-smart/1.2/accessors-smart-1.2.jar:/home/jhoan/.m2/repository/org/ow2/asm/asm/5.0.4/asm-5.0.4.jar:/home/jhoan/.m2/repository/junit/junit/4.12/junit-4.12.jar:/home/jhoan/.m2/repository/org/assertj/assertj-core/3.8.0/assertj-core-3.8.0.jar:/home/jhoan/.m2/repository/org/mockito/mockito-core/2.11.0/mockito-core-2.11.0.jar:/home/jhoan/.m2/repository/net/bytebuddy/byte-buddy/1.7.8/byte-buddy-1.7.8.jar:/home/jhoan/.m2/repository/net/bytebuddy/byte-buddy-agent/1.7.8/byte-buddy-agent-1.7.8.jar:/home/jhoan/.m2/repository/org/objenesis/objenesis/2.6/objenesis-2.6.jar:/home/jhoan/.m2/repository/org/hamcrest/hamcrest-core/1.3/hamcrest-core-1.3.jar:/home/jhoan/.m2/repository/org/hamcrest/hamcrest-library/1.3/hamcrest-library-1.3.jar:/home/jhoan/.m2/repository/org/skyscreamer/jsonassert/1.5.0/jsonassert-1.5.0.jar:/home/jhoan/.m2/repository/com/vaadin/external/google/android-json/0.0.20131108.vaadin1/android-json-0.0.20131108.vaadin1.jar:/home/jhoan/.m2/repository/org/springframework/spring-core/5.0.1.RELEASE/spring-core-5.0.1.RELEASE.jar:/home/jhoan/.m2/repository/org/springframework/spring-jcl/5.0.1.RELEASE/spring-jcl-5.0.1.RELEASE.jar:/home/jhoan/.m2/repository/org/springframework/spring-test/5.0.1.RELEASE/spring-test-5.0.1.RELEASE.jar:/home/jhoan/.m2/repository/org/xmlunit/xmlunit-core/2.5.0/xmlunit-core-2.5.0.jar:/home/jhoan/.m2/repository/org/eclipse/persistence/org.eclipse.persistence.dbws/2.5.2/org.eclipse.persistence.dbws-2.5.2.jar:/home/jhoan/.m2/repository/org/eclipse/persistence/org.eclipse.persistence.moxy/2.5.2/org.eclipse.persistence.moxy-2.5.2.jar:/home/jhoan/.m2/repository/org/eclipse/persistence/org.eclipse.persistence.core/2.5.2/org.eclipse.persistence.core-2.5.2.jar:/home/jhoan/.m2/repository/org/eclipse/persistence/org.eclipse.persistence.jpa.jpql/2.5.2/org.eclipse.persistence.jpa.jpql-2.5.2.jar:/home/jhoan/.m2/repository/org/eclipse/persistence/org.eclipse.persistence.antlr/2.5.2/org.eclipse.persistence.antlr-2.5.2.jar:/home/jhoan/.m2/repository/org/eclipse/persistence/org.eclipse.persistence.oracle/2.5.2/org.eclipse.persistence.oracle-2.5.2.jar:/home/jhoan/.m2/repository/org/eclipse/persistence/javax.persistence/2.1.0/javax.persistence-2.1.0.jar:/home/jhoan/.m2/repository/org/eclipse/persistence/org.eclipse.persistence.jpa/2.5.2/org.eclipse.persistence.jpa-2.5.2.jar:/home/jhoan/.m2/repository/org/eclipse/persistence/org.eclipse.persistence.asm/2.5.2/org.eclipse.persistence.asm-2.5.2.jar:/home/jhoan/.m2/repository/org/eclipse/persistence/org.eclipse.persistence.jpa.modelgen.processor/2.5.2/org.eclipse.persistence.jpa.modelgen.processor-2.5.2.jar:/home/jhoan/.m2/repository/unknown/binary/javax.persistence/SNAPSHOT/javax.persistence-SNAPSHOT.jar:, java.specification.name=Java Platform API Specification, java.class.version=52.0, sun.management.compiler=HotSpot 64-Bit Tiered Compilers, os.version=4.4.0-97-generic, user.home=/home/jhoan, user.timezone=America/Guatemala, java.awt.printerjob=sun.print.PSPrinterJob, file.encoding=UTF-8, java.specification.version=1.8, java.class.path=/home/jhoan/NetBeansProjects/Base.Backend/target/test-classes:/home/jhoan/NetBeansProjects/Base.Backend/target/classes:/home/jhoan/.m2/repository/org/json/json/20171018/json-20171018.jar:/home/jhoan/.m2/repository/com/oracle/ojdbc6/11.2.0.3/ojdbc6-11.2.0.3.jar:/home/jhoan/.m2/repository/org/springframework/boot/spring-boot-starter-data-jpa/2.0.0.BUILD-SNAPSHOT/spring-boot-starter-data-jpa-2.0.0.BUILD-SNAPSHOT.jar:/home/jhoan/.m2/repository/org/springframework/boot/spring-boot-starter/2.0.0.BUILD-SNAPSHOT/spring-boot-starter-2.0.0.BUILD-SNAPSHOT.jar:/home/jhoan/.m2/repository/org/springframework/boot/spring-boot/2.0.0.BUILD-SNAPSHOT/spring-boot-2.0.0.BUILD-SNAPSHOT.jar:/home/jhoan/.m2/repository/org/springframework/boot/spring-boot-autoconfigure/2.0.0.BUILD-SNAPSHOT/spring-boot-autoconfigure-2.0.0.BUILD-SNAPSHOT.jar:/home/jhoan/.m2/repository/org/springframework/boot/spring-boot-starter-logging/2.0.0.BUILD-SNAPSHOT/spring-boot-starter-logging-2.0.0.BUILD-SNAPSHOT.jar:/home/jhoan/.m2/repository/ch/qos/logback/logback-classic/1.2.3/logback-classic-1.2.3.jar:/home/jhoan/.m2/repository/ch/qos/logback/logback-core/1.2.3/logback-core-1.2.3.jar:/home/jhoan/.m2/repository/org/slf4j/jul-to-slf4j/1.7.25/jul-to-slf4j-1.7.25.jar:/home/jhoan/.m2/repository/org/slf4j/log4j-over-slf4j/1.7.25/log4j-over-slf4j-1.7.25.jar:/home/jhoan/.m2/repository/javax/annotation/javax.annotation-api/1.3.1/javax.annotation-api-1.3.1.jar:/home/jhoan/.m2/repository/org/yaml/snakeyaml/1.19/snakeyaml-1.19.jar:/home/jhoan/.m2/repository/org/springframework/boot/spring-boot-starter-aop/2.0.0.BUILD-SNAPSHOT/spring-boot-starter-aop-2.0.0.BUILD-SNAPSHOT.jar:/home/jhoan/.m2/repository/org/springframework/spring-aop/5.0.1.RELEASE/spring-aop-5.0.1.RELEASE.jar:/home/jhoan/.m2/repository/org/aspectj/aspectjweaver/1.8.12/aspectjweaver-1.8.12.jar:/home/jhoan/.m2/repository/org/hibernate/hibernate-core/5.2.12.Final/hibernate-core-5.2.12.Final.jar:/home/jhoan/.m2/repository/org/jboss/logging/jboss-logging/3.3.1.Final/jboss-logging-3.3.1.Final.jar:/home/jhoan/.m2/repository/org/hibernate/javax/persistence/hibernate-jpa-2.1-api/1.0.0.Final/hibernate-jpa-2.1-api-1.0.0.Final.jar:/home/jhoan/.m2/repository/org/javassist/javassist/3.22.0-CR2/javassist-3.22.0-CR2.jar:/home/jhoan/.m2/repository/antlr/antlr/2.7.7/antlr-2.7.7.jar:/home/jhoan/.m2/repository/org/jboss/jandex/2.0.3.Final/jandex-2.0.3.Final.jar:/home/jhoan/.m2/repository/com/fasterxml/classmate/1.3.4/classmate-1.3.4.jar:/home/jhoan/.m2/repository/dom4j/dom4j/1.6.1/dom4j-1.6.1.jar:/home/jhoan/.m2/repository/org/hibernate/common/hibernate-commons-annotations/5.0.1.Final/hibernate-commons-annotations-5.0.1.Final.jar:/home/jhoan/.m2/repository/javax/transaction/javax.transaction-api/1.2/javax.transaction-api-1.2.jar:/home/jhoan/.m2/repository/org/springframework/data/spring-data-jpa/2.0.1.RELEASE/spring-data-jpa-2.0.1.RELEASE.jar:/home/jhoan/.m2/repository/org/springframework/data/spring-data-commons/2.0.1.RELEASE/spring-data-commons-2.0.1.RELEASE.jar:/home/jhoan/.m2/repository/org/springframework/spring-orm/5.0.1.RELEASE/spring-orm-5.0.1.RELEASE.jar:/home/jhoan/.m2/repository/org/springframework/spring-context/5.0.1.RELEASE/spring-context-5.0.1.RELEASE.jar:/home/jhoan/.m2/repository/org/springframework/spring-tx/5.0.1.RELEASE/spring-tx-5.0.1.RELEASE.jar:/home/jhoan/.m2/repository/org/springframework/spring-beans/5.0.1.RELEASE/spring-beans-5.0.1.RELEASE.jar:/home/jhoan/.m2/repository/org/slf4j/slf4j-api/1.7.25/slf4j-api-1.7.25.jar:/home/jhoan/.m2/repository/org/springframework/spring-aspects/5.0.1.RELEASE/spring-aspects-5.0.1.RELEASE.jar:/home/jhoan/.m2/repository/org/springframework/boot/spring-boot-starter-jdbc/2.0.0.BUILD-SNAPSHOT/spring-boot-starter-jdbc-2.0.0.BUILD-SNAPSHOT.jar:/home/jhoan/.m2/repository/com/zaxxer/HikariCP/2.7.2/HikariCP-2.7.2.jar:/home/jhoan/.m2/repository/org/springframework/spring-jdbc/5.0.1.RELEASE/spring-jdbc-5.0.1.RELEASE.jar:/home/jhoan/.m2/repository/org/springframework/boot/spring-boot-starter-thymeleaf/2.0.0.BUILD-SNAPSHOT/spring-boot-starter-thymeleaf-2.0.0.BUILD-SNAPSHOT.jar:/home/jhoan/.m2/repository/org/thymeleaf/thymeleaf-spring5/3.0.8.RELEASE/thymeleaf-spring5-3.0.8.RELEASE.jar:/home/jhoan/.m2/repository/org/thymeleaf/thymeleaf/3.0.8.RELEASE/thymeleaf-3.0.8.RELEASE.jar:/home/jhoan/.m2/repository/org/attoparser/attoparser/2.0.4.RELEASE/attoparser-2.0.4.RELEASE.jar:/home/jhoan/.m2/repository/org/unbescape/unbescape/1.1.5.RELEASE/unbescape-1.1.5.RELEASE.jar:/home/jhoan/.m2/repository/org/thymeleaf/extras/thymeleaf-extras-java8time/3.0.1.RELEASE/thymeleaf-extras-java8time-3.0.1.RELEASE.jar:/home/jhoan/.m2/repository/org/springframework/boot/spring-boot-starter-web/2.0.0.BUILD-SNAPSHOT/spring-boot-starter-web-2.0.0.BUILD-SNAPSHOT.jar:/home/jhoan/.m2/repository/org/springframework/boot/spring-boot-starter-json/2.0.0.BUILD-SNAPSHOT/spring-boot-starter-json-2.0.0.BUILD-SNAPSHOT.jar:/home/jhoan/.m2/repository/com/fasterxml/jackson/core/jackson-databind/2.9.2/jackson-databind-2.9.2.jar:/home/jhoan/.m2/repository/com/fasterxml/jackson/core/jackson-annotations/2.9.0/jackson-annotations-2.9.0.jar:/home/jhoan/.m2/repository/com/fasterxml/jackson/core/jackson-core/2.9.2/jackson-core-2.9.2.jar:/home/jhoan/.m2/repository/com/fasterxml/jackson/datatype/jackson-datatype-jdk8/2.9.2/jackson-datatype-jdk8-2.9.2.jar:/home/jhoan/.m2/repository/com/fasterxml/jackson/datatype/jackson-datatype-jsr310/2.9.2/jackson-datatype-jsr310-2.9.2.jar:/home/jhoan/.m2/repository/com/fasterxml/jackson/module/jackson-module-parameter-names/2.9.2/jackson-module-parameter-names-2.9.2.jar:/home/jhoan/.m2/repository/com/fasterxml/jackson/module/jackson-module-kotlin/2.9.2/jackson-module-kotlin-2.9.2.jar:/home/jhoan/.m2/repository/org/springframework/boot/spring-boot-starter-tomcat/2.0.0.BUILD-SNAPSHOT/spring-boot-starter-tomcat-2.0.0.BUILD-SNAPSHOT.jar:/home/jhoan/.m2/repository/org/apache/tomcat/embed/tomcat-embed-core/8.5.23/tomcat-embed-core-8.5.23.jar:/home/jhoan/.m2/repository/org/apache/tomcat/tomcat-annotations-api/8.5.23/tomcat-annotations-api-8.5.23.jar:/home/jhoan/.m2/repository/org/apache/tomcat/embed/tomcat-embed-el/8.5.23/tomcat-embed-el-8.5.23.jar:/home/jhoan/.m2/repository/org/apache/tomcat/embed/tomcat-embed-websocket/8.5.23/tomcat-embed-websocket-8.5.23.jar:/home/jhoan/.m2/repository/org/hibernate/validator/hibernate-validator/6.0.4.Final/hibernate-validator-6.0.4.Final.jar:/home/jhoan/.m2/repository/javax/validation/validation-api/2.0.0.Final/validation-api-2.0.0.Final.jar:/home/jhoan/.m2/repository/org/springframework/spring-web/5.0.1.RELEASE/spring-web-5.0.1.RELEASE.jar:/home/jhoan/.m2/repository/org/springframework/spring-webmvc/5.0.1.RELEASE/spring-webmvc-5.0.1.RELEASE.jar:/home/jhoan/.m2/repository/org/springframework/spring-expression/5.0.1.RELEASE/spring-expression-5.0.1.RELEASE.jar:/home/jhoan/.m2/repository/org/springframework/boot/spring-boot-starter-test/2.0.0.BUILD-SNAPSHOT/spring-boot-starter-test-2.0.0.BUILD-SNAPSHOT.jar:/home/jhoan/.m2/repository/org/springframework/boot/spring-boot-test/2.0.0.BUILD-SNAPSHOT/spring-boot-test-2.0.0.BUILD-SNAPSHOT.jar:/home/jhoan/.m2/repository/org/springframework/boot/spring-boot-test-autoconfigure/2.0.0.BUILD-SNAPSHOT/spring-boot-test-autoconfigure-2.0.0.BUILD-SNAPSHOT.jar:/home/jhoan/.m2/repository/com/jayway/jsonpath/json-path/2.4.0/json-path-2.4.0.jar:/home/jhoan/.m2/repository/net/minidev/json-smart/2.3/json-smart-2.3.jar:/home/jhoan/.m2/repository/net/minidev/accessors-smart/1.2/accessors-smart-1.2.jar:/home/jhoan/.m2/repository/org/ow2/asm/asm/5.0.4/asm-5.0.4.jar:/home/jhoan/.m2/repository/junit/junit/4.12/junit-4.12.jar:/home/jhoan/.m2/repository/org/assertj/assertj-core/3.8.0/assertj-core-3.8.0.jar:/home/jhoan/.m2/repository/org/mockito/mockito-core/2.11.0/mockito-core-2.11.0.jar:/home/jhoan/.m2/repository/net/bytebuddy/byte-buddy/1.7.8/byte-buddy-1.7.8.jar:/home/jhoan/.m2/repository/net/bytebuddy/byte-buddy-agent/1.7.8/byte-buddy-agent-1.7.8.jar:/home/jhoan/.m2/repository/org/objenesis/objenesis/2.6/objenesis-2.6.jar:/home/jhoan/.m2/repository/org/hamcrest/hamcrest-core/1.3/hamcrest-core-1.3.jar:/home/jhoan/.m2/repository/org/hamcrest/hamcrest-library/1.3/hamcrest-library-1.3.jar:/home/jhoan/.m2/repository/org/skyscreamer/jsonassert/1.5.0/jsonassert-1.5.0.jar:/home/jhoan/.m2/repository/com/vaadin/external/google/android-json/0.0.20131108.vaadin1/android-json-0.0.20131108.vaadin1.jar:/home/jhoan/.m2/repository/org/springframework/spring-core/5.0.1.RELEASE/spring-core-5.0.1.RELEASE.jar:/home/jhoan/.m2/repository/org/springframework/spring-jcl/5.0.1.RELEASE/spring-jcl-5.0.1.RELEASE.jar:/home/jhoan/.m2/repository/org/springframework/spring-test/5.0.1.RELEASE/spring-test-5.0.1.RELEASE.jar:/home/jhoan/.m2/repository/org/xmlunit/xmlunit-core/2.5.0/xmlunit-core-2.5.0.jar:/home/jhoan/.m2/repository/org/eclipse/persistence/org.eclipse.persistence.dbws/2.5.2/org.eclipse.persistence.dbws-2.5.2.jar:/home/jhoan/.m2/repository/org/eclipse/persistence/org.eclipse.persistence.moxy/2.5.2/org.eclipse.persistence.moxy-2.5.2.jar:/home/jhoan/.m2/repository/org/eclipse/persistence/org.eclipse.persistence.core/2.5.2/org.eclipse.persistence.core-2.5.2.jar:/home/jhoan/.m2/repository/org/eclipse/persistence/org.eclipse.persistence.jpa.jpql/2.5.2/org.eclipse.persistence.jpa.jpql-2.5.2.jar:/home/jhoan/.m2/repository/org/eclipse/persistence/org.eclipse.persistence.antlr/2.5.2/org.eclipse.persistence.antlr-2.5.2.jar:/home/jhoan/.m2/repository/org/eclipse/persistence/org.eclipse.persistence.oracle/2.5.2/org.eclipse.persistence.oracle-2.5.2.jar:/home/jhoan/.m2/repository/org/eclipse/persistence/javax.persistence/2.1.0/javax.persistence-2.1.0.jar:/home/jhoan/.m2/repository/org/eclipse/persistence/org.eclipse.persistence.jpa/2.5.2/org.eclipse.persistence.jpa-2.5.2.jar:/home/jhoan/.m2/repository/org/eclipse/persistence/org.eclipse.persistence.asm/2.5.2/org.eclipse.persistence.asm-2.5.2.jar:/home/jhoan/.m2/repository/org/eclipse/persistence/org.eclipse.persistence.jpa.modelgen.processor/2.5.2/org.eclipse.persistence.jpa.modelgen.processor-2.5.2.jar:/home/jhoan/.m2/repository/unknown/binary/javax.persistence/SNAPSHOT/javax.persistence-SNAPSHOT.jar:, user.name=jhoan, java.vm.specification.version=1.8, sun.java.command=/home/jhoan/NetBeansProjects/Base.Backend/target/surefire/surefirebooter7740209347260222719.jar /home/jhoan/NetBeansProjects/Base.Backend/target/surefire 2017-11-03T23-29-38_265-jvmRun1 surefire1564231451151424379tmp surefire_08473209769730308129tmp, java.home=/usr/lib/jvm/java-8-oracle/jre, sun.arch.data.model=64, user.language=es, java.specification.vendor=Oracle Corporation, awt.toolkit=sun.awt.X11.XToolkit, java.vm.info=mixed mode, java.version=1.8.0_144, java.ext.dirs=/usr/lib/jvm/java-8-oracle/jre/lib/ext:/usr/java/packages/lib/ext, sun.boot.class.path=/usr/lib/jvm/java-8-oracle/jre/lib/resources.jar:/usr/lib/jvm/java-8-oracle/jre/lib/rt.jar:/usr/lib/jvm/java-8-oracle/jre/lib/sunrsasign.jar:/usr/lib/jvm/java-8-oracle/jre/lib/jsse.jar:/usr/lib/jvm/java-8-oracle/jre/lib/jce.jar:/usr/lib/jvm/java-8-oracle/jre/lib/charsets.jar:/usr/lib/jvm/java-8-oracle/jre/lib/jfr.jar:/usr/lib/jvm/java-8-oracle/jre/classes, java.vendor=Oracle Corporation, localRepository=/home/jhoan/.m2/repository, file.separator=/, java.vendor.url.bug=http://bugreport.sun.com/bugreport/, sun.io.unicode.encoding=UnicodeLittle, sun.cpu.endian=little, sun.desktop=gnome, sun.cpu.isalist=}}, SystemEnvironmentPropertySource@690686166 {name='systemEnvironment', properties={PATH=/home/jhoan/.local/share/umake/bin:/usr/local/sbin:/usr/local/bin:/usr/sbin:/usr/bin:/sbin:/bin:/usr/games:/usr/local/games:/snap/bin:/usr/lib/jvm/java-8-oracle/bin:/usr/lib/jvm/java-8-oracle/db/bin:/usr/lib/jvm/java-8-oracle/jre/bin, XAUTHORITY=/home/jhoan/.Xauthority, XMODIFIERS=@im=ibus, XDG_DATA_DIRS=/usr/share/ubuntu:/usr/share/gnome:/usr/local/share/:/usr/share/:/var/lib/snapd/desktop, GDMSESSION=ubuntu, MANDATORY_PATH=/usr/share/gconf/ubuntu.mandatory.path, GTK_IM_MODULE=ibus, DBUS_SESSION_BUS_ADDRESS=unix:abstract=/tmp/dbus-tFFsABEpI0, DEFAULTS_PATH=/usr/share/gconf/ubuntu.default.path, XDG_CURRENT_DESKTOP=Unity, NB_EXEC_MAVEN_PROCESS_UUID=8d0a5f69-fcaa-4a02-a1f8-a54e9233afb1, LD_LIBRARY_PATH=/usr/lib/jvm/java-8-oracle/jre/lib/amd64:/usr/lib/jvm/java-8-oracle/jre/lib/i386:, UPSTART_SESSION=unix:abstract=/com/ubuntu/upstart-session/1000/3073, QT4_IM_MODULE=xim, SESSION_MANAGER=local/jhoansamayoa:@/tmp/.ICE-unix/3301,unix/jhoansamayoa:/tmp/.ICE-unix/3301, QT_LINUX_ACCESSIBILITY_ALWAYS_ON=1, LOGNAME=jhoan, JOB=unity-settings-daemon, PWD=/home/jhoan/NetBeansProjects/Base.Backend, DERBY_HOME=/usr/lib/jvm/java-8-oracle/db, IM_CONFIG_PHASE=1, LANGUAGE=es_GT:es, SHELL=/bin/bash, GIO_LAUNCHED_DESKTOP_FILE=/usr/share/applications/netbeans-8.0.1.desktop, GTK2_MODULES=overlay-scrollbar, INSTANCE=, J2SDKDIR=/usr/lib/jvm/java-8-oracle, OLDPWD=/home/jhoan/NetBeansProjects/Base.Backend, GNOME_DESKTOP_SESSION_ID=this-is-deprecated, UPSTART_INSTANCE=, GTK_MODULES=gail:atk-bridge:unity-gtk-module, J2REDIR=/usr/lib/jvm/java-8-oracle/jre, CLUTTER_IM_MODULE=xim, XDG_SESSION_PATH=/org/freedesktop/DisplayManager/Session0, M2_HOME=/usr/local/netbeans-8.0.1/java/maven, COMPIZ_BIN_PATH=/usr/bin/, SESSIONTYPE=gnome-session, XDG_SESSION_DESKTOP=ubuntu, SHLVL=1, J2D_PIXMAPS=shared, COMPIZ_CONFIG_PROFILE=ubuntu, QT_IM_MODULE=ibus, UPSTART_JOB=unity7, JAVA_HOME=/usr/lib/jvm/java-8-oracle, XDG_CONFIG_DIRS=/etc/xdg/xdg-ubuntu:/usr/share/upstart/xdg:/etc/xdg, XFILESEARCHPATH=/usr/dt/app-defaults/%L/Dt, LANG=es_GT.UTF-8, GNOME_KEYRING_CONTROL=, XDG_SEAT_PATH=/org/freedesktop/DisplayManager/Seat0, XDG_SESSION_ID=c4, XDG_SESSION_TYPE=x11, DISPLAY=:0, QT_DEVICE_PIXEL_RATIO=auto, _=/usr/lib/jvm/java-8-oracle/bin/java, PT7HOME=/opt/pt, GDM_LANG=es_ES, XDG_GREETER_DATA_DIR=/var/lib/lightdm-data/jhoan, UPSTART_EVENTS=xsession started, GPG_AGENT_INFO=/home/jhoan/.gnupg/S.gpg-agent:0:1, DESKTOP_SESSION=ubuntu, SESSION=ubuntu, USER=jhoan, XDG_MENU_PREFIX=gnome-, GIO_LAUNCHED_DESKTOP_FILE_PID=12539, QT_ACCESSIBILITY=1, SSH_AUTH_SOCK=/run/user/1000/keyring/ssh, XDG_SEAT=seat0, NLSPATH=/usr/dt/lib/nls/msg/%L/%N.cat, QT_QPA_PLATFORMTHEME=appmenu-qt5, XDG_VTNR=7, XDG_RUNTIME_DIR=/run/user/1000, HOME=/home/jhoan, GNOME_KEYRING_PID=}}]
23:29:39.371 [main] DEBUG org.springframework.test.context.support.TestPropertySourceUtils - Adding inlined properties to environment: {spring.jmx.enabled=false, org.springframework.boot.test.context.SpringBootTestContextBootstrapper=true, server.port=-1}
23:29:39.372 [main] DEBUG org.springframework.core.env.StandardEnvironment - Adding PropertySource 'Inlined Test Properties' with highest search precedence

  .   ____          _            __ _ _
 /\\ / ___'_ __ _ _(_)_ __  __ _ \ \ \ \
( ( )\___ | '_ | '_| | '_ \/ _` | \ \ \ \
 \\/  ___)| |_)| | | | | || (_| |  ) ) ) )
  '  |____| .__|_| |_|_| |_\__, | / / / /
 =========|_|==============|___/=/_/_/_/
 :: Spring Boot ::  (v2.0.0.BUILD-SNAPSHOT)

2017-11-03 23:29:39.679  WARN 30190 --- [           main] ory$DuplicateJsonObjectContextCustomizer : 

Found multiple occurrences of org.json.JSONObject on the class path:

	jar:file:/home/jhoan/.m2/repository/org/json/json/20171018/json-20171018.jar!/org/json/JSONObject.class
	jar:file:/home/jhoan/.m2/repository/com/vaadin/external/google/android-json/0.0.20131108.vaadin1/android-json-0.0.20131108.vaadin1.jar!/org/json/JSONObject.class

You may wish to exclude one of them to ensure predictable runtime behaviour

2017-11-03 23:29:39.701  INFO 30190 --- [           main] c.a.Analisis.Backend.ApplicationTests    : Starting ApplicationTests on jhoansamayoa with PID 30190 (started by jhoan in /home/jhoan/NetBeansProjects/Base.Backend)
2017-11-03 23:29:39.702  INFO 30190 --- [           main] c.a.Analisis.Backend.ApplicationTests    : No active profile set, falling back to default profiles: default
2017-11-03 23:29:39.759  INFO 30190 --- [           main] o.s.w.c.s.GenericWebApplicationContext   : Refreshing org.springframework.web.context.support.GenericWebApplicationContext@72bc6553: startup date [Fri Nov 03 23:29:39 CST 2017]; root of context hierarchy
2017-11-03 23:29:42.009  INFO 30190 --- [           main] com.zaxxer.hikari.HikariDataSource       : testdb - Starting...
2017-11-03 23:29:42.232  INFO 30190 --- [           main] com.zaxxer.hikari.pool.PoolBase          : testdb - Driver does not support get/set network timeout for connections. (oracle.jdbc.driver.T4CConnection.getNetworkTimeout()I)
2017-11-03 23:29:42.237  INFO 30190 --- [           main] com.zaxxer.hikari.HikariDataSource       : testdb - Start completed.
2017-11-03 23:29:42.478  INFO 30190 --- [           main] j.LocalContainerEntityManagerFactoryBean : Building JPA container EntityManagerFactory for persistence unit 'default'
2017-11-03 23:29:42.517  INFO 30190 --- [           main] o.hibernate.jpa.internal.util.LogHelper  : HHH000204: Processing PersistenceUnitInfo [
	name: default
	...]
2017-11-03 23:29:42.660  INFO 30190 --- [           main] org.hibernate.Version                    : HHH000412: Hibernate Core {5.2.12.Final}
2017-11-03 23:29:42.663  INFO 30190 --- [           main] org.hibernate.cfg.Environment            : HHH000206: hibernate.properties not found
2017-11-03 23:29:42.726  INFO 30190 --- [           main] o.hibernate.annotations.common.Version   : HCANN000001: Hibernate Commons Annotations {5.0.1.Final}
2017-11-03 23:29:42.850  INFO 30190 --- [           main] org.hibernate.dialect.Dialect            : HHH000400: Using dialect: org.hibernate.dialect.Oracle12cDialect
2017-11-03 23:29:42.955  INFO 30190 --- [           main] org.hibernate.type.BasicTypeRegistry     : HHH000270: Type registration [byte[]] overrides previous : org.hibernate.type.BinaryType@51d719bc
2017-11-03 23:29:42.956  INFO 30190 --- [           main] org.hibernate.type.BasicTypeRegistry     : HHH000270: Type registration [[B] overrides previous : org.hibernate.type.BinaryType@51d719bc
2017-11-03 23:29:42.957  INFO 30190 --- [           main] org.hibernate.type.BasicTypeRegistry     : HHH000270: Type registration [Byte[]] overrides previous : org.hibernate.type.WrapperBinaryType@655a01d8
2017-11-03 23:29:42.957  INFO 30190 --- [           main] org.hibernate.type.BasicTypeRegistry     : HHH000270: Type registration [[Ljava.lang.Byte;] overrides previous : org.hibernate.type.WrapperBinaryType@655a01d8
2017-11-03 23:29:43.407  WARN 30190 --- [           main] o.s.w.c.s.GenericWebApplicationContext   : Exception encountered during context initialization - cancelling refresh attempt: org.springframework.beans.factory.BeanCreationException: Error creating bean with name 'entityManagerFactory' defined in class path resource [org/springframework/boot/autoconfigure/orm/jpa/HibernateJpaConfiguration.class]: Invocation of init method failed; nested exception is javax.persistence.PersistenceException: [PersistenceUnit: default] Unable to build Hibernate SessionFactory
2017-11-03 23:29:43.407  INFO 30190 --- [           main] com.zaxxer.hikari.HikariDataSource       : testdb - Shutdown initiated...
2017-11-03 23:29:43.420  INFO 30190 --- [           main] com.zaxxer.hikari.HikariDataSource       : testdb - Shutdown completed.
2017-11-03 23:29:43.432  INFO 30190 --- [           main] utoConfigurationReportLoggingInitializer : 

Error starting ApplicationContext. To display the auto-configuration report re-run your application with 'debug' enabled.
2017-11-03 23:29:43.439 ERROR 30190 --- [           main] o.s.boot.SpringApplication               : Application startup failed

org.springframework.beans.factory.BeanCreationException: Error creating bean with name 'entityManagerFactory' defined in class path resource [org/springframework/boot/autoconfigure/orm/jpa/HibernateJpaConfiguration.class]: Invocation of init method failed; nested exception is javax.persistence.PersistenceException: [PersistenceUnit: default] Unable to build Hibernate SessionFactory
	at org.springframework.beans.factory.support.AbstractAutowireCapableBeanFactory.initializeBean(AbstractAutowireCapableBeanFactory.java:1704) ~[spring-beans-5.0.1.RELEASE.jar:5.0.1.RELEASE]
	at org.springframework.beans.factory.support.AbstractAutowireCapableBeanFactory.doCreateBean(AbstractAutowireCapableBeanFactory.java:583) ~[spring-beans-5.0.1.RELEASE.jar:5.0.1.RELEASE]
	at org.springframework.beans.factory.support.AbstractAutowireCapableBeanFactory.createBean(AbstractAutowireCapableBeanFactory.java:502) ~[spring-beans-5.0.1.RELEASE.jar:5.0.1.RELEASE]
	at org.springframework.beans.factory.support.AbstractBeanFactory.lambda$doGetBean$0(AbstractBeanFactory.java:312) ~[spring-beans-5.0.1.RELEASE.jar:5.0.1.RELEASE]
	at org.springframework.beans.factory.support.DefaultSingletonBeanRegistry.getSingleton(DefaultSingletonBeanRegistry.java:228) ~[spring-beans-5.0.1.RELEASE.jar:5.0.1.RELEASE]
	at org.springframework.beans.factory.support.AbstractBeanFactory.doGetBean(AbstractBeanFactory.java:310) ~[spring-beans-5.0.1.RELEASE.jar:5.0.1.RELEASE]
	at org.springframework.beans.factory.support.AbstractBeanFactory.getBean(AbstractBeanFactory.java:200) ~[spring-beans-5.0.1.RELEASE.jar:5.0.1.RELEASE]
	at org.springframework.context.support.AbstractApplicationContext.getBean(AbstractApplicationContext.java:1083) ~[spring-context-5.0.1.RELEASE.jar:5.0.1.RELEASE]
	at org.springframework.context.support.AbstractApplicationContext.finishBeanFactoryInitialization(AbstractApplicationContext.java:858) ~[spring-context-5.0.1.RELEASE.jar:5.0.1.RELEASE]
	at org.springframework.context.support.AbstractApplicationContext.refresh(AbstractApplicationContext.java:549) ~[spring-context-5.0.1.RELEASE.jar:5.0.1.RELEASE]
	at org.springframework.boot.SpringApplication.refresh(SpringApplication.java:750) ~[spring-boot-2.0.0.BUILD-SNAPSHOT.jar:2.0.0.BUILD-SNAPSHOT]
	at org.springframework.boot.SpringApplication.refreshContext(SpringApplication.java:386) ~[spring-boot-2.0.0.BUILD-SNAPSHOT.jar:2.0.0.BUILD-SNAPSHOT]
	at org.springframework.boot.SpringApplication.run(SpringApplication.java:327) ~[spring-boot-2.0.0.BUILD-SNAPSHOT.jar:2.0.0.BUILD-SNAPSHOT]
	at org.springframework.boot.test.context.SpringBootContextLoader.loadContext(SpringBootContextLoader.java:138) [spring-boot-test-2.0.0.BUILD-SNAPSHOT.jar:2.0.0.BUILD-SNAPSHOT]
	at org.springframework.test.context.cache.DefaultCacheAwareContextLoaderDelegate.loadContextInternal(DefaultCacheAwareContextLoaderDelegate.java:99) [spring-test-5.0.1.RELEASE.jar:5.0.1.RELEASE]
	at org.springframework.test.context.cache.DefaultCacheAwareContextLoaderDelegate.loadContext(DefaultCacheAwareContextLoaderDelegate.java:117) [spring-test-5.0.1.RELEASE.jar:5.0.1.RELEASE]
	at org.springframework.test.context.support.DefaultTestContext.getApplicationContext(DefaultTestContext.java:107) [spring-test-5.0.1.RELEASE.jar:5.0.1.RELEASE]
	at org.springframework.test.context.web.ServletTestExecutionListener.setUpRequestContextIfNecessary(ServletTestExecutionListener.java:190) [spring-test-5.0.1.RELEASE.jar:5.0.1.RELEASE]
	at org.springframework.test.context.web.ServletTestExecutionListener.prepareTestInstance(ServletTestExecutionListener.java:132) [spring-test-5.0.1.RELEASE.jar:5.0.1.RELEASE]
	at org.springframework.test.context.TestContextManager.prepareTestInstance(TestContextManager.java:242) [spring-test-5.0.1.RELEASE.jar:5.0.1.RELEASE]
	at org.springframework.test.context.junit4.SpringJUnit4ClassRunner.createTest(SpringJUnit4ClassRunner.java:227) [spring-test-5.0.1.RELEASE.jar:5.0.1.RELEASE]
	at org.springframework.test.context.junit4.SpringJUnit4ClassRunner$1.runReflectiveCall(SpringJUnit4ClassRunner.java:289) [spring-test-5.0.1.RELEASE.jar:5.0.1.RELEASE]
	at org.junit.internal.runners.model.ReflectiveCallable.run(ReflectiveCallable.java:12) [junit-4.12.jar:4.12]
	at org.springframework.test.context.junit4.SpringJUnit4ClassRunner.methodBlock(SpringJUnit4ClassRunner.java:291) [spring-test-5.0.1.RELEASE.jar:5.0.1.RELEASE]
	at org.springframework.test.context.junit4.SpringJUnit4ClassRunner.runChild(SpringJUnit4ClassRunner.java:246) [spring-test-5.0.1.RELEASE.jar:5.0.1.RELEASE]
	at org.springframework.test.context.junit4.SpringJUnit4ClassRunner.runChild(SpringJUnit4ClassRunner.java:97) [spring-test-5.0.1.RELEASE.jar:5.0.1.RELEASE]
	at org.junit.runners.ParentRunner$3.run(ParentRunner.java:290) [junit-4.12.jar:4.12]
	at org.junit.runners.ParentRunner$1.schedule(ParentRunner.java:71) [junit-4.12.jar:4.12]
	at org.junit.runners.ParentRunner.runChildren(ParentRunner.java:288) [junit-4.12.jar:4.12]
	at org.junit.runners.ParentRunner.access$000(ParentRunner.java:58) [junit-4.12.jar:4.12]
	at org.junit.runners.ParentRunner$2.evaluate(ParentRunner.java:268) [junit-4.12.jar:4.12]
	at org.springframework.test.context.junit4.statements.RunBeforeTestClassCallbacks.evaluate(RunBeforeTestClassCallbacks.java:61) [spring-test-5.0.1.RELEASE.jar:5.0.1.RELEASE]
	at org.springframework.test.context.junit4.statements.RunAfterTestClassCallbacks.evaluate(RunAfterTestClassCallbacks.java:70) [spring-test-5.0.1.RELEASE.jar:5.0.1.RELEASE]
	at org.junit.runners.ParentRunner.run(ParentRunner.java:363) [junit-4.12.jar:4.12]
	at org.springframework.test.context.junit4.SpringJUnit4ClassRunner.run(SpringJUnit4ClassRunner.java:190) [spring-test-5.0.1.RELEASE.jar:5.0.1.RELEASE]
	at org.apache.maven.surefire.junit4.JUnit4Provider.execute(JUnit4Provider.java:369) [surefire-junit4-2.20.1.jar:2.20.1]
	at org.apache.maven.surefire.junit4.JUnit4Provider.executeWithRerun(JUnit4Provider.java:275) [surefire-junit4-2.20.1.jar:2.20.1]
	at org.apache.maven.surefire.junit4.JUnit4Provider.executeTestSet(JUnit4Provider.java:239) [surefire-junit4-2.20.1.jar:2.20.1]
	at org.apache.maven.surefire.junit4.JUnit4Provider.invoke(JUnit4Provider.java:160) [surefire-junit4-2.20.1.jar:2.20.1]
	at org.apache.maven.surefire.booter.ForkedBooter.invokeProviderInSameClassLoader(ForkedBooter.java:373) [surefire-booter-2.20.1.jar:2.20.1]
	at org.apache.maven.surefire.booter.ForkedBooter.runSuitesInProcess(ForkedBooter.java:334) [surefire-booter-2.20.1.jar:2.20.1]
	at org.apache.maven.surefire.booter.ForkedBooter.execute(ForkedBooter.java:119) [surefire-booter-2.20.1.jar:2.20.1]
	at org.apache.maven.surefire.booter.ForkedBooter.main(ForkedBooter.java:407) [surefire-booter-2.20.1.jar:2.20.1]
Caused by: javax.persistence.PersistenceException: [PersistenceUnit: default] Unable to build Hibernate SessionFactory
	at org.hibernate.jpa.boot.internal.EntityManagerFactoryBuilderImpl.persistenceException(EntityManagerFactoryBuilderImpl.java:967) ~[hibernate-core-5.2.12.Final.jar:5.2.12.Final]
	at org.hibernate.jpa.boot.internal.EntityManagerFactoryBuilderImpl.build(EntityManagerFactoryBuilderImpl.java:892) ~[hibernate-core-5.2.12.Final.jar:5.2.12.Final]
	at org.springframework.orm.jpa.vendor.SpringHibernateJpaPersistenceProvider.createContainerEntityManagerFactory(SpringHibernateJpaPersistenceProvider.java:57) ~[spring-orm-5.0.1.RELEASE.jar:5.0.1.RELEASE]
	at org.springframework.orm.jpa.LocalContainerEntityManagerFactoryBean.createNativeEntityManagerFactory(LocalContainerEntityManagerFactoryBean.java:358) ~[spring-orm-5.0.1.RELEASE.jar:5.0.1.RELEASE]
	at org.springframework.orm.jpa.AbstractEntityManagerFactoryBean.buildNativeEntityManagerFactory(AbstractEntityManagerFactoryBean.java:384) ~[spring-orm-5.0.1.RELEASE.jar:5.0.1.RELEASE]
	at org.springframework.orm.jpa.AbstractEntityManagerFactoryBean.afterPropertiesSet(AbstractEntityManagerFactoryBean.java:373) ~[spring-orm-5.0.1.RELEASE.jar:5.0.1.RELEASE]
	at org.springframework.beans.factory.support.AbstractAutowireCapableBeanFactory.invokeInitMethods(AbstractAutowireCapableBeanFactory.java:1763) ~[spring-beans-5.0.1.RELEASE.jar:5.0.1.RELEASE]
	at org.springframework.beans.factory.support.AbstractAutowireCapableBeanFactory.initializeBean(AbstractAutowireCapableBeanFactory.java:1700) ~[spring-beans-5.0.1.RELEASE.jar:5.0.1.RELEASE]
	... 42 common frames omitted
Caused by: org.hibernate.cfg.beanvalidation.IntegrationException: Error activating Bean Validation integration
	at org.hibernate.cfg.beanvalidation.BeanValidationIntegrator.integrate(BeanValidationIntegrator.java:138) ~[hibernate-core-5.2.12.Final.jar:5.2.12.Final]
	at org.hibernate.internal.SessionFactoryImpl.<init>(SessionFactoryImpl.java:282) ~[hibernate-core-5.2.12.Final.jar:5.2.12.Final]
	at org.hibernate.boot.internal.SessionFactoryBuilderImpl.build(SessionFactoryBuilderImpl.java:452) ~[hibernate-core-5.2.12.Final.jar:5.2.12.Final]
	at org.hibernate.jpa.boot.internal.EntityManagerFactoryBuilderImpl.build(EntityManagerFactoryBuilderImpl.java:889) ~[hibernate-core-5.2.12.Final.jar:5.2.12.Final]
	... 48 common frames omitted
Caused by: java.lang.annotation.AnnotationFormatError: Duplicate annotation for class: interface javax.validation.constraints.NotNull: @javax.validation.constraints.NotNull(message={javax.validation.constraints.NotNull.message}, payload=[], groups=[])
	at sun.reflect.annotation.TypeAnnotationParser.mapTypeAnnotations(TypeAnnotationParser.java:360) ~[na:1.8.0_144]
	at sun.reflect.annotation.AnnotatedTypeFactory$AnnotatedTypeBaseImpl.<init>(AnnotatedTypeFactory.java:139) ~[na:1.8.0_144]
	at sun.reflect.annotation.AnnotatedTypeFactory.buildAnnotatedType(AnnotatedTypeFactory.java:65) ~[na:1.8.0_144]
	at sun.reflect.annotation.TypeAnnotationParser.buildAnnotatedType(TypeAnnotationParser.java:79) ~[na:1.8.0_144]
	at java.lang.reflect.Field.getAnnotatedType(Field.java:1170) ~[na:1.8.0_144]
	at org.hibernate.validator.internal.metadata.provider.AnnotationMetaDataProvider.findCascadingMetaData(AnnotationMetaDataProvider.java:611) ~[hibernate-validator-6.0.4.Final.jar:6.0.4.Final]
	at org.hibernate.validator.internal.metadata.provider.AnnotationMetaDataProvider.findPropertyMetaData(AnnotationMetaDataProvider.java:232) ~[hibernate-validator-6.0.4.Final.jar:6.0.4.Final]
	at org.hibernate.validator.internal.metadata.provider.AnnotationMetaDataProvider.getFieldMetaData(AnnotationMetaDataProvider.java:221) ~[hibernate-validator-6.0.4.Final.jar:6.0.4.Final]
	at org.hibernate.validator.internal.metadata.provider.AnnotationMetaDataProvider.retrieveBeanConfiguration(AnnotationMetaDataProvider.java:129) ~[hibernate-validator-6.0.4.Final.jar:6.0.4.Final]
	at org.hibernate.validator.internal.metadata.provider.AnnotationMetaDataProvider.getBeanConfiguration(AnnotationMetaDataProvider.java:120) ~[hibernate-validator-6.0.4.Final.jar:6.0.4.Final]
	at org.hibernate.validator.internal.metadata.BeanMetaDataManager.getBeanConfigurationForHierarchy(BeanMetaDataManager.java:220) ~[hibernate-validator-6.0.4.Final.jar:6.0.4.Final]
	at org.hibernate.validator.internal.metadata.BeanMetaDataManager.createBeanMetaData(BeanMetaDataManager.java:187) ~[hibernate-validator-6.0.4.Final.jar:6.0.4.Final]
	at org.hibernate.validator.internal.metadata.BeanMetaDataManager.lambda$getBeanMetaData$0(BeanMetaDataManager.java:160) ~[hibernate-validator-6.0.4.Final.jar:6.0.4.Final]
	at java.util.concurrent.ConcurrentMap.computeIfAbsent(ConcurrentMap.java:324) ~[na:1.8.0_144]
	at org.hibernate.validator.internal.metadata.BeanMetaDataManager.getBeanMetaData(BeanMetaDataManager.java:159) ~[hibernate-validator-6.0.4.Final.jar:6.0.4.Final]
	at org.hibernate.validator.internal.engine.ValidatorImpl.getConstraintsForClass(ValidatorImpl.java:324) ~[hibernate-validator-6.0.4.Final.jar:6.0.4.Final]
	at org.hibernate.cfg.beanvalidation.TypeSafeActivator.applyDDL(TypeSafeActivator.java:207) ~[hibernate-core-5.2.12.Final.jar:5.2.12.Final]
	at org.hibernate.cfg.beanvalidation.TypeSafeActivator.applyRelationalConstraints(TypeSafeActivator.java:191) ~[hibernate-core-5.2.12.Final.jar:5.2.12.Final]
	at org.hibernate.cfg.beanvalidation.TypeSafeActivator.applyRelationalConstraints(TypeSafeActivator.java:150) ~[hibernate-core-5.2.12.Final.jar:5.2.12.Final]
	at org.hibernate.cfg.beanvalidation.TypeSafeActivator.activate(TypeSafeActivator.java:98) ~[hibernate-core-5.2.12.Final.jar:5.2.12.Final]
	at sun.reflect.NativeMethodAccessorImpl.invoke0(Native Method) ~[na:1.8.0_144]
	at sun.reflect.NativeMethodAccessorImpl.invoke(NativeMethodAccessorImpl.java:62) ~[na:1.8.0_144]
	at sun.reflect.DelegatingMethodAccessorImpl.invoke(DelegatingMethodAccessorImpl.java:43) ~[na:1.8.0_144]
	at java.lang.reflect.Method.invoke(Method.java:498) ~[na:1.8.0_144]
	at org.hibernate.cfg.beanvalidation.BeanValidationIntegrator.integrate(BeanValidationIntegrator.java:132) ~[hibernate-core-5.2.12.Final.jar:5.2.12.Final]
	... 51 common frames omitted

2017-11-03 23:29:43.443 ERROR 30190 --- [           main] o.s.test.context.TestContextManager      : Caught exception while allowing TestExecutionListener [org.springframework.test.context.web.ServletTestExecutionListener@35cabb2a] to prepare test instance [com.analisis.Analisis.Backend.ApplicationTests@5dfe23e8]

java.lang.IllegalStateException: Failed to load ApplicationContext
	at org.springframework.test.context.cache.DefaultCacheAwareContextLoaderDelegate.loadContext(DefaultCacheAwareContextLoaderDelegate.java:125) ~[spring-test-5.0.1.RELEASE.jar:5.0.1.RELEASE]
	at org.springframework.test.context.support.DefaultTestContext.getApplicationContext(DefaultTestContext.java:107) ~[spring-test-5.0.1.RELEASE.jar:5.0.1.RELEASE]
	at org.springframework.test.context.web.ServletTestExecutionListener.setUpRequestContextIfNecessary(ServletTestExecutionListener.java:190) ~[spring-test-5.0.1.RELEASE.jar:5.0.1.RELEASE]
	at org.springframework.test.context.web.ServletTestExecutionListener.prepareTestInstance(ServletTestExecutionListener.java:132) ~[spring-test-5.0.1.RELEASE.jar:5.0.1.RELEASE]
	at org.springframework.test.context.TestContextManager.prepareTestInstance(TestContextManager.java:242) ~[spring-test-5.0.1.RELEASE.jar:5.0.1.RELEASE]
	at org.springframework.test.context.junit4.SpringJUnit4ClassRunner.createTest(SpringJUnit4ClassRunner.java:227) [spring-test-5.0.1.RELEASE.jar:5.0.1.RELEASE]
	at org.springframework.test.context.junit4.SpringJUnit4ClassRunner$1.runReflectiveCall(SpringJUnit4ClassRunner.java:289) [spring-test-5.0.1.RELEASE.jar:5.0.1.RELEASE]
	at org.junit.internal.runners.model.ReflectiveCallable.run(ReflectiveCallable.java:12) [junit-4.12.jar:4.12]
	at org.springframework.test.context.junit4.SpringJUnit4ClassRunner.methodBlock(SpringJUnit4ClassRunner.java:291) [spring-test-5.0.1.RELEASE.jar:5.0.1.RELEASE]
	at org.springframework.test.context.junit4.SpringJUnit4ClassRunner.runChild(SpringJUnit4ClassRunner.java:246) [spring-test-5.0.1.RELEASE.jar:5.0.1.RELEASE]
	at org.springframework.test.context.junit4.SpringJUnit4ClassRunner.runChild(SpringJUnit4ClassRunner.java:97) [spring-test-5.0.1.RELEASE.jar:5.0.1.RELEASE]
	at org.junit.runners.ParentRunner$3.run(ParentRunner.java:290) [junit-4.12.jar:4.12]
	at org.junit.runners.ParentRunner$1.schedule(ParentRunner.java:71) [junit-4.12.jar:4.12]
	at org.junit.runners.ParentRunner.runChildren(ParentRunner.java:288) [junit-4.12.jar:4.12]
	at org.junit.runners.ParentRunner.access$000(ParentRunner.java:58) [junit-4.12.jar:4.12]
	at org.junit.runners.ParentRunner$2.evaluate(ParentRunner.java:268) [junit-4.12.jar:4.12]
	at org.springframework.test.context.junit4.statements.RunBeforeTestClassCallbacks.evaluate(RunBeforeTestClassCallbacks.java:61) [spring-test-5.0.1.RELEASE.jar:5.0.1.RELEASE]
	at org.springframework.test.context.junit4.statements.RunAfterTestClassCallbacks.evaluate(RunAfterTestClassCallbacks.java:70) [spring-test-5.0.1.RELEASE.jar:5.0.1.RELEASE]
	at org.junit.runners.ParentRunner.run(ParentRunner.java:363) [junit-4.12.jar:4.12]
	at org.springframework.test.context.junit4.SpringJUnit4ClassRunner.run(SpringJUnit4ClassRunner.java:190) [spring-test-5.0.1.RELEASE.jar:5.0.1.RELEASE]
	at org.apache.maven.surefire.junit4.JUnit4Provider.execute(JUnit4Provider.java:369) [surefire-junit4-2.20.1.jar:2.20.1]
	at org.apache.maven.surefire.junit4.JUnit4Provider.executeWithRerun(JUnit4Provider.java:275) [surefire-junit4-2.20.1.jar:2.20.1]
	at org.apache.maven.surefire.junit4.JUnit4Provider.executeTestSet(JUnit4Provider.java:239) [surefire-junit4-2.20.1.jar:2.20.1]
	at org.apache.maven.surefire.junit4.JUnit4Provider.invoke(JUnit4Provider.java:160) [surefire-junit4-2.20.1.jar:2.20.1]
	at org.apache.maven.surefire.booter.ForkedBooter.invokeProviderInSameClassLoader(ForkedBooter.java:373) [surefire-booter-2.20.1.jar:2.20.1]
	at org.apache.maven.surefire.booter.ForkedBooter.runSuitesInProcess(ForkedBooter.java:334) [surefire-booter-2.20.1.jar:2.20.1]
	at org.apache.maven.surefire.booter.ForkedBooter.execute(ForkedBooter.java:119) [surefire-booter-2.20.1.jar:2.20.1]
	at org.apache.maven.surefire.booter.ForkedBooter.main(ForkedBooter.java:407) [surefire-booter-2.20.1.jar:2.20.1]
Caused by: org.springframework.beans.factory.BeanCreationException: Error creating bean with name 'entityManagerFactory' defined in class path resource [org/springframework/boot/autoconfigure/orm/jpa/HibernateJpaConfiguration.class]: Invocation of init method failed; nested exception is javax.persistence.PersistenceException: [PersistenceUnit: default] Unable to build Hibernate SessionFactory
	at org.springframework.beans.factory.support.AbstractAutowireCapableBeanFactory.initializeBean(AbstractAutowireCapableBeanFactory.java:1704) ~[spring-beans-5.0.1.RELEASE.jar:5.0.1.RELEASE]
	at org.springframework.beans.factory.support.AbstractAutowireCapableBeanFactory.doCreateBean(AbstractAutowireCapableBeanFactory.java:583) ~[spring-beans-5.0.1.RELEASE.jar:5.0.1.RELEASE]
	at org.springframework.beans.factory.support.AbstractAutowireCapableBeanFactory.createBean(AbstractAutowireCapableBeanFactory.java:502) ~[spring-beans-5.0.1.RELEASE.jar:5.0.1.RELEASE]
	at org.springframework.beans.factory.support.AbstractBeanFactory.lambda$doGetBean$0(AbstractBeanFactory.java:312) ~[spring-beans-5.0.1.RELEASE.jar:5.0.1.RELEASE]
	at org.springframework.beans.factory.support.DefaultSingletonBeanRegistry.getSingleton(DefaultSingletonBeanRegistry.java:228) ~[spring-beans-5.0.1.RELEASE.jar:5.0.1.RELEASE]
	at org.springframework.beans.factory.support.AbstractBeanFactory.doGetBean(AbstractBeanFactory.java:310) ~[spring-beans-5.0.1.RELEASE.jar:5.0.1.RELEASE]
	at org.springframework.beans.factory.support.AbstractBeanFactory.getBean(AbstractBeanFactory.java:200) ~[spring-beans-5.0.1.RELEASE.jar:5.0.1.RELEASE]
	at org.springframework.context.support.AbstractApplicationContext.getBean(AbstractApplicationContext.java:1083) ~[spring-context-5.0.1.RELEASE.jar:5.0.1.RELEASE]
	at org.springframework.context.support.AbstractApplicationContext.finishBeanFactoryInitialization(AbstractApplicationContext.java:858) ~[spring-context-5.0.1.RELEASE.jar:5.0.1.RELEASE]
	at org.springframework.context.support.AbstractApplicationContext.refresh(AbstractApplicationContext.java:549) ~[spring-context-5.0.1.RELEASE.jar:5.0.1.RELEASE]
	at org.springframework.boot.SpringApplication.refresh(SpringApplication.java:750) ~[spring-boot-2.0.0.BUILD-SNAPSHOT.jar:2.0.0.BUILD-SNAPSHOT]
	at org.springframework.boot.SpringApplication.refreshContext(SpringApplication.java:386) ~[spring-boot-2.0.0.BUILD-SNAPSHOT.jar:2.0.0.BUILD-SNAPSHOT]
	at org.springframework.boot.SpringApplication.run(SpringApplication.java:327) ~[spring-boot-2.0.0.BUILD-SNAPSHOT.jar:2.0.0.BUILD-SNAPSHOT]
	at org.springframework.boot.test.context.SpringBootContextLoader.loadContext(SpringBootContextLoader.java:138) ~[spring-boot-test-2.0.0.BUILD-SNAPSHOT.jar:2.0.0.BUILD-SNAPSHOT]
	at org.springframework.test.context.cache.DefaultCacheAwareContextLoaderDelegate.loadContextInternal(DefaultCacheAwareContextLoaderDelegate.java:99) ~[spring-test-5.0.1.RELEASE.jar:5.0.1.RELEASE]
	at org.springframework.test.context.cache.DefaultCacheAwareContextLoaderDelegate.loadContext(DefaultCacheAwareContextLoaderDelegate.java:117) ~[spring-test-5.0.1.RELEASE.jar:5.0.1.RELEASE]
	... 27 common frames omitted
Caused by: javax.persistence.PersistenceException: [PersistenceUnit: default] Unable to build Hibernate SessionFactory
	at org.hibernate.jpa.boot.internal.EntityManagerFactoryBuilderImpl.persistenceException(EntityManagerFactoryBuilderImpl.java:967) ~[hibernate-core-5.2.12.Final.jar:5.2.12.Final]
	at org.hibernate.jpa.boot.internal.EntityManagerFactoryBuilderImpl.build(EntityManagerFactoryBuilderImpl.java:892) ~[hibernate-core-5.2.12.Final.jar:5.2.12.Final]
	at org.springframework.orm.jpa.vendor.SpringHibernateJpaPersistenceProvider.createContainerEntityManagerFactory(SpringHibernateJpaPersistenceProvider.java:57) ~[spring-orm-5.0.1.RELEASE.jar:5.0.1.RELEASE]
	at org.springframework.orm.jpa.LocalContainerEntityManagerFactoryBean.createNativeEntityManagerFactory(LocalContainerEntityManagerFactoryBean.java:358) ~[spring-orm-5.0.1.RELEASE.jar:5.0.1.RELEASE]
	at org.springframework.orm.jpa.AbstractEntityManagerFactoryBean.buildNativeEntityManagerFactory(AbstractEntityManagerFactoryBean.java:384) ~[spring-orm-5.0.1.RELEASE.jar:5.0.1.RELEASE]
	at org.springframework.orm.jpa.AbstractEntityManagerFactoryBean.afterPropertiesSet(AbstractEntityManagerFactoryBean.java:373) ~[spring-orm-5.0.1.RELEASE.jar:5.0.1.RELEASE]
	at org.springframework.beans.factory.support.AbstractAutowireCapableBeanFactory.invokeInitMethods(AbstractAutowireCapableBeanFactory.java:1763) ~[spring-beans-5.0.1.RELEASE.jar:5.0.1.RELEASE]
	at org.springframework.beans.factory.support.AbstractAutowireCapableBeanFactory.initializeBean(AbstractAutowireCapableBeanFactory.java:1700) ~[spring-beans-5.0.1.RELEASE.jar:5.0.1.RELEASE]
	... 42 common frames omitted
Caused by: org.hibernate.cfg.beanvalidation.IntegrationException: Error activating Bean Validation integration
	at org.hibernate.cfg.beanvalidation.BeanValidationIntegrator.integrate(BeanValidationIntegrator.java:138) ~[hibernate-core-5.2.12.Final.jar:5.2.12.Final]
	at org.hibernate.internal.SessionFactoryImpl.<init>(SessionFactoryImpl.java:282) ~[hibernate-core-5.2.12.Final.jar:5.2.12.Final]
	at org.hibernate.boot.internal.SessionFactoryBuilderImpl.build(SessionFactoryBuilderImpl.java:452) ~[hibernate-core-5.2.12.Final.jar:5.2.12.Final]
	at org.hibernate.jpa.boot.internal.EntityManagerFactoryBuilderImpl.build(EntityManagerFactoryBuilderImpl.java:889) ~[hibernate-core-5.2.12.Final.jar:5.2.12.Final]
	... 48 common frames omitted
Caused by: java.lang.annotation.AnnotationFormatError: Duplicate annotation for class: interface javax.validation.constraints.NotNull: @javax.validation.constraints.NotNull(message={javax.validation.constraints.NotNull.message}, payload=[], groups=[])
	at sun.reflect.annotation.TypeAnnotationParser.mapTypeAnnotations(TypeAnnotationParser.java:360) ~[na:1.8.0_144]
	at sun.reflect.annotation.AnnotatedTypeFactory$AnnotatedTypeBaseImpl.<init>(AnnotatedTypeFactory.java:139) ~[na:1.8.0_144]
	at sun.reflect.annotation.AnnotatedTypeFactory.buildAnnotatedType(AnnotatedTypeFactory.java:65) ~[na:1.8.0_144]
	at sun.reflect.annotation.TypeAnnotationParser.buildAnnotatedType(TypeAnnotationParser.java:79) ~[na:1.8.0_144]
	at java.lang.reflect.Field.getAnnotatedType(Field.java:1170) ~[na:1.8.0_144]
	at org.hibernate.validator.internal.metadata.provider.AnnotationMetaDataProvider.findCascadingMetaData(AnnotationMetaDataProvider.java:611) ~[hibernate-validator-6.0.4.Final.jar:6.0.4.Final]
	at org.hibernate.validator.internal.metadata.provider.AnnotationMetaDataProvider.findPropertyMetaData(AnnotationMetaDataProvider.java:232) ~[hibernate-validator-6.0.4.Final.jar:6.0.4.Final]
	at org.hibernate.validator.internal.metadata.provider.AnnotationMetaDataProvider.getFieldMetaData(AnnotationMetaDataProvider.java:221) ~[hibernate-validator-6.0.4.Final.jar:6.0.4.Final]
	at org.hibernate.validator.internal.metadata.provider.AnnotationMetaDataProvider.retrieveBeanConfiguration(AnnotationMetaDataProvider.java:129) ~[hibernate-validator-6.0.4.Final.jar:6.0.4.Final]
	at org.hibernate.validator.internal.metadata.provider.AnnotationMetaDataProvider.getBeanConfiguration(AnnotationMetaDataProvider.java:120) ~[hibernate-validator-6.0.4.Final.jar:6.0.4.Final]
	at org.hibernate.validator.internal.metadata.BeanMetaDataManager.getBeanConfigurationForHierarchy(BeanMetaDataManager.java:220) ~[hibernate-validator-6.0.4.Final.jar:6.0.4.Final]
	at org.hibernate.validator.internal.metadata.BeanMetaDataManager.createBeanMetaData(BeanMetaDataManager.java:187) ~[hibernate-validator-6.0.4.Final.jar:6.0.4.Final]
	at org.hibernate.validator.internal.metadata.BeanMetaDataManager.lambda$getBeanMetaData$0(BeanMetaDataManager.java:160) ~[hibernate-validator-6.0.4.Final.jar:6.0.4.Final]
	at java.util.concurrent.ConcurrentMap.computeIfAbsent(ConcurrentMap.java:324) ~[na:1.8.0_144]
	at org.hibernate.validator.internal.metadata.BeanMetaDataManager.getBeanMetaData(BeanMetaDataManager.java:159) ~[hibernate-validator-6.0.4.Final.jar:6.0.4.Final]
	at org.hibernate.validator.internal.engine.ValidatorImpl.getConstraintsForClass(ValidatorImpl.java:324) ~[hibernate-validator-6.0.4.Final.jar:6.0.4.Final]
	at org.hibernate.cfg.beanvalidation.TypeSafeActivator.applyDDL(TypeSafeActivator.java:207) ~[hibernate-core-5.2.12.Final.jar:5.2.12.Final]
	at org.hibernate.cfg.beanvalidation.TypeSafeActivator.applyRelationalConstraints(TypeSafeActivator.java:191) ~[hibernate-core-5.2.12.Final.jar:5.2.12.Final]
	at org.hibernate.cfg.beanvalidation.TypeSafeActivator.applyRelationalConstraints(TypeSafeActivator.java:150) ~[hibernate-core-5.2.12.Final.jar:5.2.12.Final]
	at org.hibernate.cfg.beanvalidation.TypeSafeActivator.activate(TypeSafeActivator.java:98) ~[hibernate-core-5.2.12.Final.jar:5.2.12.Final]
	at sun.reflect.NativeMethodAccessorImpl.invoke0(Native Method) ~[na:1.8.0_144]
	at sun.reflect.NativeMethodAccessorImpl.invoke(NativeMethodAccessorImpl.java:62) ~[na:1.8.0_144]
	at sun.reflect.DelegatingMethodAccessorImpl.invoke(DelegatingMethodAccessorImpl.java:43) ~[na:1.8.0_144]
	at java.lang.reflect.Method.invoke(Method.java:498) ~[na:1.8.0_144]
	at org.hibernate.cfg.beanvalidation.BeanValidationIntegrator.integrate(BeanValidationIntegrator.java:132) ~[hibernate-core-5.2.12.Final.jar:5.2.12.Final]
	... 51 common frames omitted

]]></system-out>
  </testcase>
</testsuite>